2026-06-12 16:01:23 | 1181 x 17482kv1y9.jpg | https://w.wallhaven.cc/full/2k/wallhaven-2kv1y9.jpg | 成功
2026-06-12 16:01:25 | 1920 x 1200437g23.jpg | https://w.wallhaven.cc/full/43/wallhaven-437g23.jpg | 成功
2026-06-12 16:01:28 | 1920 x 12000jlrdy.jpg | https://w.wallhaven.cc/full/0j/wallhaven-0jlrdy.jpg | 成功
2026-06-12 16:01:30 | 1920 x 12004lgrd2.jpg | https://w.wallhaven.cc/full/4l/wallhaven-4lgrd2.jpg | 成功
2026-06-12 16:01:33 | 1500 x 79442e6g9.jpg | https://w.wallhaven.cc/full/42/wallhaven-42e6g9.jpg | 成功
2026-06-12 16:01:35 | 1920 x 10804lm65y.jpg | https://w.wallhaven.cc/full/4l/wallhaven-4lm65y.jpg | 成功
2026-06-12 16:01:38 | 2254 x 10803lxv1y.jpg | https://w.wallhaven.cc/full/3l/wallhaven-3lxv1y.jpg | 成功
2026-06-12 16:01:40 | 1920 x 10804g8yo7.jpg | https://w.wallhaven.cc/full/4g/wallhaven-4g8yo7.jpg | 成功
2026-06-12 16:01:43 | 3728 x 20982y89my.jpg | https://w.wallhaven.cc/full/2y/wallhaven-2y89my.jpg | 成功
2026-06-12 16:01:46 | 4323 x 30354lm6pl.jpg | https://w.wallhaven.cc/full/4l/wallhaven-4lm6pl.jpg | 成功
2026-06-12 16:01:49 | 1281 x 1920j5rxkq.jpg | https://w.wallhaven.cc/full/j5/wallhaven-j5rxkq.jpg | 成功
2026-06-12 16:01:51 | 1920 x 1080j8klxm.png | https://w.wallhaven.cc/full/j8/wallhaven-j8klxm.png | 成功
2026-06-12 16:01:53 | 2363 x 1600nmd751.jpg | https://w.wallhaven.cc/full/nm/wallhaven-nmd751.jpg | 成功
2026-06-12 16:01:56 | 5760 x 3120zpp2xg.png | https://w.wallhaven.cc/full/zp/wallhaven-zpp2xg.png | 成功
2026-06-12 16:01:59 | 1618 x 1080r2wroq.jpg | https://w.wallhaven.cc/full/r2/wallhaven-r2wroq.jpg | 成功
2026-06-12 16:02:02 | 2400 x 1500nkwpqd.jpg | https://w.wallhaven.cc/full/nk/wallhaven-nkwpqd.jpg | 成功
2026-06-12 16:02:04 | 1920 x 11174vgw6l.jpg | https://w.wallhaven.cc/full/4v/wallhaven-4vgw6l.jpg | 成功
2026-06-12 16:02:06 | 1500 x 8440j5g7m.jpg | https://w.wallhaven.cc/full/0j/wallhaven-0j5g7m.jpg | 成功
2026-06-12 16:02:09 | 1080 x 1920weggor.jpg | https://w.wallhaven.cc/full/we/wallhaven-weggor.jpg | 成功
2026-06-12 16:02:12 | 1080 x 2340kx6k36.jpg | https://w.wallhaven.cc/full/kx/wallhaven-kx6k36.jpg | 成功
2026-06-12 16:02:15 | 2000 x 12294lm56q.jpg | https://w.wallhaven.cc/full/4l/wallhaven-4lm56q.jpg | 成功
2026-06-12 16:02:18 | 2731 x 40962y7m6y.jpg | https://w.wallhaven.cc/full/2y/wallhaven-2y7m6y.jpg | 成功
2026-06-12 16:02:21 | 1920 x 10804ymdod.jpg | https://w.wallhaven.cc/full/4y/wallhaven-4ymdod.jpg | 成功
2026-06-12 16:02:23 | 2560 x 15916lj6rq.jpg | https://w.wallhaven.cc/full/6l/wallhaven-6lj6rq.jpg | 成功
2026-06-12 16:02:26 | 1920 x 1200dpe89m.jpg | https://w.wallhaven.cc/full/dp/wallhaven-dpe89m.jpg | 成功
2026-06-12 16:02:28 | 2744 x 3840m3882y.jpg | https://w.wallhaven.cc/full/m3/wallhaven-m3882y.jpg | 成功
2026-06-12 16:02:30 | 1920 x 10802ejy99.jpg | https://w.wallhaven.cc/full/2e/wallhaven-2ejy99.jpg | 成功
2026-06-12 16:02:33 | 1920 x 1080eyrxek.jpg | https://w.wallhaven.cc/full/ey/wallhaven-eyrxek.jpg | 成功
2026-06-12 16:02:36 | 1366 x 768nr2z1m.jpg | https://w.wallhaven.cc/full/nr/wallhaven-nr2z1m.jpg | 成功
2026-06-12 16:02:38 | 1766 x 994ymwxvk.jpg | https://w.wallhaven.cc/full/ym/wallhaven-ymwxvk.jpg | 成功
2026-06-12 16:02:41 | 2205 x 1240vpxgk5.png | https://w.wallhaven.cc/full/vp/wallhaven-vpxgk5.png | 成功
2026-06-12 16:02:43 | 1360 x 768nzv29w.jpg | https://w.wallhaven.cc/full/nz/wallhaven-nzv29w.jpg | 成功
2026-06-12 16:02:46 | 1360 x 76847xmxo.jpg | https://w.wallhaven.cc/full/47/wallhaven-47xmxo.jpg | 成功
2026-06-12 16:02:48 | 1360 x 7680qp5o7.jpg | https://w.wallhaven.cc/full/0q/wallhaven-0qp5o7.jpg | 成功
2026-06-12 16:02:51 | 1360 x 7684dv2vg.jpg | https://w.wallhaven.cc/full/4d/wallhaven-4dv2vg.jpg | 成功
2026-06-12 16:02:54 | 1920 x 10800139zg.jpg | https://w.wallhaven.cc/full/01/wallhaven-0139zg.jpg | 成功
2026-06-12 16:02:56 | 1600 x 1200nrgm11.jpg | https://w.wallhaven.cc/full/nr/wallhaven-nrgm11.jpg | 成功
2026-06-12 16:02:59 | 1920 x 1281r2wrjq.jpg | https://w.wallhaven.cc/full/r2/wallhaven-r2wrjq.jpg | 成功
2026-06-12 16:03:02 | 1920 x 1200n6e7y7.jpg | https://w.wallhaven.cc/full/n6/wallhaven-n6e7y7.jpg | 成功
2026-06-12 16:03:04 | 1500 x 913ney2gl.jpg | https://w.wallhaven.cc/full/ne/wallhaven-ney2gl.jpg | 成功
2026-06-12 16:03:07 | 1360 x 7680w3w3q.jpg | https://w.wallhaven.cc/full/0w/wallhaven-0w3w3q.jpg | 成功
2026-06-12 16:03:09 | 3840 x 21602yvj69.jpg | https://w.wallhaven.cc/full/2y/wallhaven-2yvj69.jpg | 成功
2026-06-12 16:03:11 | 1440 x 9004g8l3d.png | https://w.wallhaven.cc/full/4g/wallhaven-4g8l3d.png | 成功
2026-06-12 16:03:15 | 1508 x 2200l8o5vq.jpg | https://w.wallhaven.cc/full/l8/wallhaven-l8o5vq.jpg | 成功
2026-06-12 16:03:17 | 3840 x 2160exqqy8.jpg | https://w.wallhaven.cc/full/ex/wallhaven-exqqy8.jpg | 成功
2026-06-12 16:03:19 | 2394 x 1302m3kegm.png | https://w.wallhaven.cc/full/m3/wallhaven-m3kegm.png | 成功
2026-06-12 16:03:22 | 4096 x 2730rqg6m7.jpg | https://w.wallhaven.cc/full/rq/wallhaven-rqg6m7.jpg | 成功
2026-06-12 16:03:24 | 1920 x 817ymwxgk.jpg | https://w.wallhaven.cc/full/ym/wallhaven-ymwxgk.jpg | 成功
2026-06-12 16:03:27 | 1500 x 9884961pk.jpg | https://w.wallhaven.cc/full/49/wallhaven-4961pk.jpg | 成功
2026-06-12 16:03:30 | 1281 x 1920q65zld.jpg | https://w.wallhaven.cc/full/q6/wallhaven-q65zld.jpg | 成功
2026-06-12 16:03:32 | 1500 x 100085ygq1.jpg | https://w.wallhaven.cc/full/85/wallhaven-85ygq1.jpg | 成功
2026-06-12 16:03:36 | 3840 x 2160y8j89x.png | https://w.wallhaven.cc/full/y8/wallhaven-y8j89x.png | 成功
2026-06-12 16:03:39 | 2160 x 38403qoq6d.jpg | https://w.wallhaven.cc/full/3q/wallhaven-3qoq6d.jpg | 成功
2026-06-12 16:03:42 | 3264 x 24485yw1p5.png | https://w.wallhaven.cc/full/5y/wallhaven-5yw1p5.png | 成功
2026-06-12 16:03:45 | 1500 x 992x6mzjl.jpg | https://w.wallhaven.cc/full/x6/wallhaven-x6mzjl.jpg | 成功
2026-06-12 16:03:48 | 3840 x 27147jro3y.jpg | https://w.wallhaven.cc/full/7j/wallhaven-7jro3y.jpg | 成功
2026-06-12 16:03:51 | 6525 x 4350vq69dl.jpg | https://w.wallhaven.cc/full/vq/wallhaven-vq69dl.jpg | 成功
2026-06-12 16:03:54 | 1080 x 1439wej73p.jpg | https://w.wallhaven.cc/full/we/wallhaven-wej73p.jpg | 成功
2026-06-12 16:03:56 | 1920 x 1080yx8g1g.png | https://w.wallhaven.cc/full/yx/wallhaven-yx8g1g.png | 成功
2026-06-12 16:03:59 | 4000 x 22511qpwr1.jpg | https://w.wallhaven.cc/full/1q/wallhaven-1qpwr1.jpg | 成功
2026-06-12 16:04:01 | 1920 x 800rr8lvj.png | https://w.wallhaven.cc/full/rr/wallhaven-rr8lvj.png | 成功
2026-06-12 16:04:04 | 5062 x 2724kwjyd6.jpg | https://w.wallhaven.cc/full/kw/wallhaven-kwjyd6.jpg | 成功
2026-06-12 16:04:06 | 2560 x 1600496jlk.jpg | https://w.wallhaven.cc/full/49/wallhaven-496jlk.jpg | 成功
2026-06-12 16:04:09 | 1766 x 9935w6gr3.jpg | https://w.wallhaven.cc/full/5w/wallhaven-5w6gr3.jpg | 成功
2026-06-12 16:04:12 | 994 x 1766xlw6jv.jpg | https://w.wallhaven.cc/full/xl/wallhaven-xlw6jv.jpg | 成功
2026-06-12 16:04:14 | 1920 x 1080qzwox5.png | https://w.wallhaven.cc/full/qz/wallhaven-qzwox5.png | 成功
2026-06-12 16:04:17 | 1920 x 108045w299.jpg | https://w.wallhaven.cc/full/45/wallhaven-45w299.jpg | 成功
2026-06-12 16:04:19 | 1920 x 108039gl56.jpg | https://w.wallhaven.cc/full/39/wallhaven-39gl56.jpg | 成功
2026-06-12 16:04:21 | 3840 x 2160wegw36.jpg | https://w.wallhaven.cc/full/we/wallhaven-wegw36.jpg | 成功
2026-06-12 16:04:24 | 1334 x 816mlqpgy.png | https://w.wallhaven.cc/full/ml/wallhaven-mlqpgy.png | 成功
2026-06-12 16:04:27 | 7815 x 219895jlv8.jpg | https://w.wallhaven.cc/full/95/wallhaven-95jlv8.jpg | 成功
2026-06-12 16:04:30 | 1080 x 16208gxego.jpg | https://w.wallhaven.cc/full/8g/wallhaven-8gxego.jpg | 成功
2026-06-12 16:04:33 | 1360 x 768488p8y.jpg | https://w.wallhaven.cc/full/48/wallhaven-488p8y.jpg | 成功
2026-06-12 16:04:36 | 1920 x 10805g7ke5.png | https://w.wallhaven.cc/full/5g/wallhaven-5g7ke5.png | 成功
2026-06-12 16:04:39 | 1360 x 7680qp5p7.jpg | https://w.wallhaven.cc/full/0q/wallhaven-0qp5p7.jpg | 成功
2026-06-12 16:04:41 | 1360 x 768nmorom.jpg | https://w.wallhaven.cc/full/nm/wallhaven-nmorom.jpg | 成功
2026-06-12 16:04:43 | 1360 x 7684o7w77.jpg | https://w.wallhaven.cc/full/4o/wallhaven-4o7w77.jpg | 成功
2026-06-12 16:04:46 | 1360 x 7684lgrg2.jpg | https://w.wallhaven.cc/full/4l/wallhaven-4lgrg2.jpg | 成功
2026-06-12 16:04:47 | 1360 x 7684ykwkg.jpg | https://w.wallhaven.cc/full/4y/wallhaven-4ykwkg.jpg | 成功
2026-06-12 16:04:50 | 1360 x 7680jlrly.jpg | https://w.wallhaven.cc/full/0j/wallhaven-0jlrly.jpg | 成功
2026-06-12 16:04:53 | 1360 x 768nzv2vw.jpg | https://w.wallhaven.cc/full/nz/wallhaven-nzv2vw.jpg | 成功
2026-06-12 16:04:57 | 4093 x 2894vpzqdm.png | https://w.wallhaven.cc/full/vp/wallhaven-vpzqdm.png | 成功
2026-06-12 16:05:00 | 1360 x 76801olo9.jpg | https://w.wallhaven.cc/full/01/wallhaven-01olo9.jpg | 成功
2026-06-12 16:05:03 | 1900 x 96842erqx.jpg | https://w.wallhaven.cc/full/42/wallhaven-42erqx.jpg | 成功
2026-06-12 16:05:05 | 1440 x 887qrrkor.jpg | https://w.wallhaven.cc/full/qr/wallhaven-qrrkor.jpg | 成功
2026-06-12 16:05:08 | 4096 x 1982zpypyo.png | https://w.wallhaven.cc/full/zp/wallhaven-zpypyo.png | 成功
2026-06-12 16:05:10 | 1890 x 11348gor22.jpg | https://w.wallhaven.cc/full/8g/wallhaven-8gor22.jpg | 成功
2026-06-12 16:05:12 | 1920 x 1080kxo5dm.png | https://w.wallhaven.cc/full/kx/wallhaven-kxo5dm.png | 成功
2026-06-12 16:05:14 | 1613 x 907w5lvrp.jpg | https://w.wallhaven.cc/full/w5/wallhaven-w5lvrp.jpg | 成功
2026-06-12 16:05:16 | 3300 x 1200yxzm7l.png | https://w.wallhaven.cc/full/yx/wallhaven-yxzm7l.png | 成功
2026-06-12 16:05:19 | 2149 x 1258vpopq8.png | https://w.wallhaven.cc/full/vp/wallhaven-vpopq8.png | 成功
2026-06-12 16:05:21 | 1360 x 7684g1v1d.jpg | https://w.wallhaven.cc/full/4g/wallhaven-4g1v1d.jpg | 成功
2026-06-12 16:05:24 | 1360 x 768n6e7e7.jpg | https://w.wallhaven.cc/full/n6/wallhaven-n6e7e7.jpg | 成功
2026-06-12 16:05:26 | 1080 x 192013lpr3.jpg | https://w.wallhaven.cc/full/13/wallhaven-13lpr3.jpg | 成功
2026-06-12 16:05:29 | 1622 x 912vg3q55.jpg | https://w.wallhaven.cc/full/vg/wallhaven-vg3q55.jpg | 成功
2026-06-12 16:05:31 | 1920 x 1200nevr2l.jpg | https://w.wallhaven.cc/full/ne/wallhaven-nevr2l.jpg | 成功
2026-06-12 16:05:34 | 1920 x 1200nrew67.jpg | https://w.wallhaven.cc/full/nr/wallhaven-nrew67.jpg | 成功
2026-06-12 16:05:37 | 1920 x 12004xkw9o.jpg | https://w.wallhaven.cc/full/4x/wallhaven-4xkw9o.jpg | 成功
2026-06-12 16:05:40 | 1920 x 120045p635.jpg | https://w.wallhaven.cc/full/45/wallhaven-45p635.jpg | 成功
2026-06-12 16:05:42 | 1754 x 1240439d1v.jpg | https://w.wallhaven.cc/full/43/wallhaven-439d1v.jpg | 成功
2026-06-12 16:05:44 | 1920 x 12000w6qr4.jpg | https://w.wallhaven.cc/full/0w/wallhaven-0w6qr4.jpg | 成功
2026-06-12 16:05:46 | 3000 x 1987m355l1.jpg | https://w.wallhaven.cc/full/m3/wallhaven-m355l1.jpg | 成功
2026-06-12 16:05:49 | 1920 x 10800j5gp5.jpg | https://w.wallhaven.cc/full/0j/wallhaven-0j5gp5.jpg | 成功
2026-06-12 16:05:51 | 1920 x 100196k52d.png | https://w.wallhaven.cc/full/96/wallhaven-96k52d.png | 成功
2026-06-12 16:05:54 | 1920 x 12004ykw9g.jpg | https://w.wallhaven.cc/full/4y/wallhaven-4ykw9g.jpg | 成功
2026-06-12 16:05:56 | 1920 x 12000w3wxq.jpg | https://w.wallhaven.cc/full/0w/wallhaven-0w3wxq.jpg | 成功
2026-06-12 16:05:59 | 1920 x 120047xmlo.jpg | https://w.wallhaven.cc/full/47/wallhaven-47xmlo.jpg | 成功
2026-06-12 16:06:02 | 1920 x 12004dv2dg.jpg | https://w.wallhaven.cc/full/4d/wallhaven-4dv2dg.jpg | 成功
2026-06-12 16:06:04 | 2560 x 1600nr281w.jpg | https://w.wallhaven.cc/full/nr/wallhaven-nr281w.jpg | 成功
2026-06-12 16:06:06 | 2560 x 16004vm2v8.jpg | https://w.wallhaven.cc/full/4v/wallhaven-4vm2v8.jpg | 成功
2026-06-12 16:06:09 | 1920 x 12004g1vdd.jpg | https://w.wallhaven.cc/full/4g/wallhaven-4g1vdd.jpg | 成功
2026-06-12 16:06:12 | 1920 x 1281p859je.jpg | https://w.wallhaven.cc/full/p8/wallhaven-p859je.jpg | 成功
2026-06-12 16:06:14 | 1639 x 10804lm6xq.jpg | https://w.wallhaven.cc/full/4l/wallhaven-4lm6xq.jpg | 成功
2026-06-12 16:06:17 | 1360 x 7684xkwko.jpg | https://w.wallhaven.cc/full/4x/wallhaven-4xkwko.jpg | 成功
2026-06-12 16:06:19 | 1920 x 1080nr2klw.jpg | https://w.wallhaven.cc/full/nr/wallhaven-nr2klw.jpg | 成功
2026-06-12 16:06:22 | 1920 x 1001vg2mo5.png | https://w.wallhaven.cc/full/vg/wallhaven-vg2mo5.png | 成功
2026-06-12 16:06:24 | 1920 x 1080dg26e3.jpg | https://w.wallhaven.cc/full/dg/wallhaven-dg26e3.jpg | 成功
2026-06-12 16:06:28 | 1920 x 1001kwj917.png | https://w.wallhaven.cc/full/kw/wallhaven-kwj917.png | 成功
2026-06-12 16:06:30 | 1920 x 12000pm5gp.jpg | https://w.wallhaven.cc/full/0p/wallhaven-0pm5gp.jpg | 成功
2026-06-12 16:06:33 | 1728 x 10804lm7py.jpg | https://w.wallhaven.cc/full/4l/wallhaven-4lm7py.jpg | 成功
2026-06-12 16:06:37 | 5760 x 3120yqqw8k.png | https://w.wallhaven.cc/full/yq/wallhaven-yqqw8k.png | 成功
2026-06-12 16:06:40 | 3440 x 1440wep8gq.png | https://w.wallhaven.cc/full/we/wallhaven-wep8gq.png | 成功
2026-06-12 16:06:42 | 2560 x 1089dg26w3.jpg | https://w.wallhaven.cc/full/dg/wallhaven-dg26w3.jpg | 成功
2026-06-12 16:06:44 | 933 x 1318kxqge1.jpg | https://w.wallhaven.cc/full/kx/wallhaven-kxqge1.jpg | 成功
2026-06-12 16:06:47 | 5847 x 34156qer5q.jpg | https://w.wallhaven.cc/full/6q/wallhaven-6qer5q.jpg | 成功
2026-06-12 16:06:49 | 2048 x 1280nk82vm.jpg | https://w.wallhaven.cc/full/nk/wallhaven-nk82vm.jpg | 成功
2026-06-12 16:06:52 | 1500 x 991jxzw1p.jpg | https://w.wallhaven.cc/full/jx/wallhaven-jxzw1p.jpg | 成功
2026-06-12 16:06:55 | 3840 x 21607p51ly.jpg | https://w.wallhaven.cc/full/7p/wallhaven-7p51ly.jpg | 成功
2026-06-12 16:06:58 | 1754 x 11707j38xv.png | https://w.wallhaven.cc/full/7j/wallhaven-7j38xv.png | 成功
2026-06-12 16:07:00 | 1500 x 1000kxq8oq.jpg | https://w.wallhaven.cc/full/kx/wallhaven-kxq8oq.jpg | 成功
2026-06-12 16:07:03 | 1080 x 2240ly9ygq.png | https://w.wallhaven.cc/full/ly/wallhaven-ly9ygq.png | 成功
2026-06-12 16:07:06 | 5180 x 28807jjq8e.jpg | https://w.wallhaven.cc/full/7j/wallhaven-7jjq8e.jpg | 成功
2026-06-12 16:07:09 | 4276 x 1966xe85j3.jpg | https://w.wallhaven.cc/full/xe/wallhaven-xe85j3.jpg | 成功
2026-06-12 16:07:12 | 4096 x 2458ml3zz9.jpg | https://w.wallhaven.cc/full/ml/wallhaven-ml3zz9.jpg | 成功
2026-06-12 16:07:14 | 2921 x 4078x6m2xz.jpg | https://w.wallhaven.cc/full/x6/wallhaven-x6m2xz.jpg | 成功
2026-06-12 16:07:18 | 3648 x 54726d665l.jpg | https://w.wallhaven.cc/full/6d/wallhaven-6d665l.jpg | 成功
2026-06-12 16:07:21 | 1920 x 1080ey1lz8.jpg | https://w.wallhaven.cc/full/ey/wallhaven-ey1lz8.jpg | 成功
2026-06-12 16:07:23 | 3508 x 2480zpxrlv.jpg | https://w.wallhaven.cc/full/zp/wallhaven-zpxrlv.jpg | 成功
2026-06-12 16:07:25 | 1920 x 10804vgkll.jpg | https://w.wallhaven.cc/full/4v/wallhaven-4vgkll.jpg | 成功
2026-06-12 16:07:28 | 1179 x 1766mdr3wk.jpg | https://w.wallhaven.cc/full/md/wallhaven-mdr3wk.jpg | 成功
2026-06-12 16:07:31 | 1920 x 1200426j2y.jpg | https://w.wallhaven.cc/full/42/wallhaven-426j2y.jpg | 成功
2026-06-12 16:07:33 | 4176 x 2784weze2q.jpg | https://w.wallhaven.cc/full/we/wallhaven-weze2q.jpg | 成功
2026-06-12 16:07:35 | 1500 x 99585yedo.jpg | https://w.wallhaven.cc/full/85/wallhaven-85yedo.jpg | 成功
2026-06-12 16:07:38 | 1080 x 23401pmx8w.jpg | https://w.wallhaven.cc/full/1p/wallhaven-1pmx8w.jpg | 成功
2026-06-12 16:07:41 | 1080 x 2376d6qexj.jpg | https://w.wallhaven.cc/full/d6/wallhaven-d6qexj.jpg | 成功
2026-06-12 16:07:44 | 3840 x 2560ly296l.jpg | https://w.wallhaven.cc/full/ly/wallhaven-ly296l.jpg | 成功
2026-06-12 16:07:47 | 5568 x 37121q8wvg.jpg | https://w.wallhaven.cc/full/1q/wallhaven-1q8wvg.jpg | 成功
2026-06-12 16:07:49 | 2306 x 10803qoq2d.jpg | https://w.wallhaven.cc/full/3q/wallhaven-3qoq2d.jpg | 成功
2026-06-12 16:07:53 | 3458 x 2352yxymgd.jpg | https://w.wallhaven.cc/full/yx/wallhaven-yxymgd.jpg | 成功
2026-06-12 16:07:54 | 1920 x 1080lyzdkl.png | https://w.wallhaven.cc/full/ly/wallhaven-lyzdkl.png | 成功
2026-06-12 16:07:57 | 1500 x 10490p8jvp.jpg | https://w.wallhaven.cc/full/0p/wallhaven-0p8jvp.jpg | 成功
2026-06-12 16:08:00 | 2893 x 2046nr81w4.jpg | https://w.wallhaven.cc/full/nr/wallhaven-nr81w4.jpg | 成功
2026-06-12 16:08:03 | 3070 x 18395g1yz8.jpg | https://w.wallhaven.cc/full/5g/wallhaven-5g1yz8.jpg | 成功
2026-06-12 16:08:06 | 3840 x 2160wy6vqx.jpg | https://w.wallhaven.cc/full/wy/wallhaven-wy6vqx.jpg | 成功
2026-06-12 16:08:09 | 1920 x 1080oxw5lm.jpg | https://w.wallhaven.cc/full/ox/wallhaven-oxw5lm.jpg | 成功
2026-06-12 16:08:12 | 6000 x 21101p5y29.jpg | https://w.wallhaven.cc/full/1p/wallhaven-1p5y29.jpg | 成功
2026-06-12 16:08:15 | 1414 x 10003q9m76.jpg | https://w.wallhaven.cc/full/3q/wallhaven-3q9m76.jpg | 成功
2026-06-12 16:08:17 | 2366 x 1422pokl7j.jpg | https://w.wallhaven.cc/full/po/wallhaven-pokl7j.jpg | 成功
2026-06-12 16:08:20 | 2432 x 1824po3dve.png | https://w.wallhaven.cc/full/po/wallhaven-po3dve.png | 成功
2026-06-12 16:08:23 | 1474 x 20487j17m3.jpg | https://w.wallhaven.cc/full/7j/wallhaven-7j17m3.jpg | 成功
2026-06-12 16:08:26 | 2480 x 3508poo5pj.jpg | https://w.wallhaven.cc/full/po/wallhaven-poo5pj.jpg | 成功
2026-06-12 16:08:29 | 3840 x 20808ggp72.png | https://w.wallhaven.cc/full/8g/wallhaven-8ggp72.png | 成功
2026-06-12 16:08:31 | 2523 x 1080399d66.jpg | https://w.wallhaven.cc/full/39/wallhaven-399d66.jpg | 成功
2026-06-12 16:08:34 | 992 x 1654lywj3l.jpg | https://w.wallhaven.cc/full/ly/wallhaven-lywj3l.jpg | 成功
2026-06-12 16:08:37 | 1645 x 1167w511dp.jpg | https://w.wallhaven.cc/full/w5/wallhaven-w511dp.jpg | 成功
2026-06-12 16:08:41 | 3840 x 2160m3xkgm.jpg | https://w.wallhaven.cc/full/m3/wallhaven-m3xkgm.jpg | 成功
2026-06-12 16:08:45 | 2000 x 1000qrjjmq.jpg | https://w.wallhaven.cc/full/qr/wallhaven-qrjjmq.jpg | 成功
2026-06-12 16:08:48 | 3840 x 1920mlp5q1.jpg | https://w.wallhaven.cc/full/ml/wallhaven-mlp5q1.jpg | 成功
2026-06-12 16:08:52 | 2560 x 1440vppd75.png | https://w.wallhaven.cc/full/vp/wallhaven-vppd75.png | 成功
2026-06-12 16:08:55 | 1360 x 768nkjrjm.jpg | https://w.wallhaven.cc/full/nk/wallhaven-nkjrjm.jpg | 成功
2026-06-12 16:08:58 | 1360 x 76845p6p5.jpg | https://w.wallhaven.cc/full/45/wallhaven-45p6p5.jpg | 成功
2026-06-12 16:09:01 | 1179 x 176683p5d2.jpg | https://w.wallhaven.cc/full/83/wallhaven-83p5d2.jpg | 成功
2026-06-12 16:09:04 | 1360 x 768437g73.jpg | https://w.wallhaven.cc/full/43/wallhaven-437g73.jpg | 成功
2026-06-12 16:09:09 | 3583 x 5058jx2l3y.jpg | https://w.wallhaven.cc/full/jx/wallhaven-jx2l3y.jpg | 成功
2026-06-12 16:09:13 | 2763 x 4912g8vp2l.jpg | https://w.wallhaven.cc/full/g8/wallhaven-g8vp2l.jpg | 成功
2026-06-12 16:09:16 | 1920 x 10800j5mzm.jpg | https://w.wallhaven.cc/full/0j/wallhaven-0j5mzm.jpg | 成功
2026-06-12 16:09:19 | 4176 x 2784d616lg.jpg | https://w.wallhaven.cc/full/d6/wallhaven-d616lg.jpg | 成功
2026-06-12 16:09:22 | 3924 x 20493qzody.jpg | https://w.wallhaven.cc/full/3q/wallhaven-3qzody.jpg | 成功
2026-06-12 16:09:24 | 4370 x 2480rr1kow.jpg | https://w.wallhaven.cc/full/rr/wallhaven-rr1kow.jpg | 成功
2026-06-12 16:09:27 | 2480 x 35088g55y2.jpg | https://w.wallhaven.cc/full/8g/wallhaven-8g55y2.jpg | 成功
2026-06-12 16:09:30 | 1766 x 1179lmr82r.jpg | https://w.wallhaven.cc/full/lm/wallhaven-lmr82r.jpg | 成功
2026-06-12 16:09:32 | 2048 x 1290rqq2mj.jpg | https://w.wallhaven.cc/full/rq/wallhaven-rqq2mj.jpg | 成功
2026-06-12 16:09:34 | 2048 x 1448213k56.jpg | https://w.wallhaven.cc/full/21/wallhaven-213k56.jpg | 成功
2026-06-12 16:09:37 | 1920 x 12004o7wj7.jpg | https://w.wallhaven.cc/full/4o/wallhaven-4o7wj7.jpg | 成功
2026-06-12 16:09:41 | 4536 x 30245g7pq1.png | https://w.wallhaven.cc/full/5g/wallhaven-5g7pq1.png | 成功
2026-06-12 16:09:43 | 1920 x 1200nmorym.jpg | https://w.wallhaven.cc/full/nm/wallhaven-nmorym.jpg | 成功
2026-06-12 16:09:45 | 3500 x 2626yq57rl.jpg | https://w.wallhaven.cc/full/yq/wallhaven-yq57rl.jpg | 成功
2026-06-12 16:09:48 | 4617 x 6158w58qvp.jpg | https://w.wallhaven.cc/full/w5/wallhaven-w58qvp.jpg | 成功
2026-06-12 16:09:51 | 1359 x 1920wez9wq.jpg | https://w.wallhaven.cc/full/we/wallhaven-wez9wq.jpg | 成功
2026-06-12 16:09:54 | 1920 x 1001dgv5k3.png | https://w.wallhaven.cc/full/dg/wallhaven-dgv5k3.png | 成功
2026-06-12 16:09:57 | 2560 x 1440rrvm7w.png | https://w.wallhaven.cc/full/rr/wallhaven-rrvm7w.png | 成功
2026-06-12 16:09:59 | 8777 x 6628x6xr3v.jpg | https://w.wallhaven.cc/full/x6/wallhaven-x6xr3v.jpg | 成功
2026-06-12 16:10:03 | 4096 x 2487vp9py8.jpg | https://w.wallhaven.cc/full/vp/wallhaven-vp9py8.jpg | 成功
2026-06-12 16:10:05 | 1920 x 1080w5q36x.png | https://w.wallhaven.cc/full/w5/wallhaven-w5q36x.png | 成功
2026-06-12 16:10:07 | 4096 x 2784poo313.jpg | https://w.wallhaven.cc/full/po/wallhaven-poo313.jpg | 成功
2026-06-12 16:10:09 | 1500 x 1000kxqzk1.jpg | https://w.wallhaven.cc/full/kx/wallhaven-kxqzk1.jpg | 成功
2026-06-12 16:10:13 | 5600 x 31501qd8m1.jpg | https://w.wallhaven.cc/full/1q/wallhaven-1qd8m1.jpg | 成功
2026-06-12 16:10:16 | 3840 x 2160vpz823.jpg | https://w.wallhaven.cc/full/vp/wallhaven-vpz823.jpg | 成功
2026-06-12 16:10:18 | 1920 x 1080gwjdjd.png | https://w.wallhaven.cc/full/gw/wallhaven-gwjdjd.png | 成功
2026-06-12 16:10:21 | 1920 x 800kxoqm1.png | https://w.wallhaven.cc/full/kx/wallhaven-kxoqm1.png | 成功
2026-06-12 16:10:23 | 2306 x 1080yq7qk7.jpg | https://w.wallhaven.cc/full/yq/wallhaven-yq7qk7.jpg | 成功
2026-06-12 16:10:26 | 4093 x 21007jwwoo.jpg | https://w.wallhaven.cc/full/7j/wallhaven-7jwwoo.jpg | 成功
2026-06-12 16:10:29 | 2480 x 3508w5lpop.jpg | https://w.wallhaven.cc/full/w5/wallhaven-w5lpop.jpg | 成功
2026-06-12 16:10:33 | 3090 x 2044je52zm.jpg | https://w.wallhaven.cc/full/je/wallhaven-je52zm.jpg | 成功
2026-06-12 16:10:36 | 1013 x 1432yxw3xd.jpg | https://w.wallhaven.cc/full/yx/wallhaven-yxw3xd.jpg | 成功
2026-06-12 16:10:39 | 3840 x 1882yq5eqd.jpg | https://w.wallhaven.cc/full/yq/wallhaven-yq5eqd.jpg | 成功
2026-06-12 16:10:42 | 4096 x 17433q9vmd.jpg | https://w.wallhaven.cc/full/3q/wallhaven-3q9vmd.jpg | 成功
2026-06-12 16:10:44 | 1500 x 10009dlz88.jpg | https://w.wallhaven.cc/full/9d/wallhaven-9dlz88.jpg | 成功
2026-06-12 16:10:46 | 1800 x 1200rrloq7.jpg | https://w.wallhaven.cc/full/rr/wallhaven-rrloq7.jpg | 成功
2026-06-12 16:10:50 | 1050 x 1485852o8j.jpg | https://w.wallhaven.cc/full/85/wallhaven-852o8j.jpg | 成功
2026-06-12 16:10:53 | 3805 x 2139qrzvlr.jpg | https://w.wallhaven.cc/full/qr/wallhaven-qrzvlr.jpg | 成功
2026-06-12 16:10:57 | 1979 x 1051lyydoy.png | https://w.wallhaven.cc/full/ly/wallhaven-lyydoy.png | 成功
2026-06-12 16:11:01 | 2560 x 14403qkjxd.png | https://w.wallhaven.cc/full/3q/wallhaven-3qkjxd.png | 成功
2026-06-12 16:11:05 | 2217 x 14172yl8rg.png | https://w.wallhaven.cc/full/2y/wallhaven-2yl8rg.png | 成功
2026-06-12 16:11:09 | 2508 x 1044w581vp.png | https://w.wallhaven.cc/full/w5/wallhaven-w581vp.png | 成功
2026-06-12 16:11:11 | 3840 x 21601q3p63.jpg | https://w.wallhaven.cc/full/1q/wallhaven-1q3p63.jpg | 成功
2026-06-12 16:11:15 | 2240 x 1080mlqy3k.png | https://w.wallhaven.cc/full/ml/wallhaven-mlqy3k.png | 成功
2026-06-12 16:11:18 | 3840 x 2160qr6z7d.jpg | https://w.wallhaven.cc/full/qr/wallhaven-qr6z7d.jpg | 成功
2026-06-12 16:11:21 | 3840 x 2160jev965.jpg | https://w.wallhaven.cc/full/je/wallhaven-jev965.jpg | 成功
2026-06-12 16:11:23 | 1920 x 10800j5gmw.jpg | https://w.wallhaven.cc/full/0j/wallhaven-0j5gmw.jpg | 成功
2026-06-12 16:11:25 | 3200 x 16174dgr9l.jpg | https://w.wallhaven.cc/full/4d/wallhaven-4dgr9l.jpg | 成功
2026-06-12 16:11:28 | 2762 x 1544k9je7d.jpg | https://w.wallhaven.cc/full/k9/wallhaven-k9je7d.jpg | 成功
2026-06-12 16:11:30 | 4000 x 25004dgrym.jpg | https://w.wallhaven.cc/full/4d/wallhaven-4dgrym.jpg | 成功
2026-06-12 16:11:34 | 4529 x 64381qjkwv.jpg | https://w.wallhaven.cc/full/1q/wallhaven-1qjkwv.jpg | 成功
2026-06-12 16:11:36 | 1920 x 1080ney5jr.jpg | https://w.wallhaven.cc/full/ne/wallhaven-ney5jr.jpg | 成功
2026-06-12 16:11:39 | 1920 x 1080gwwlm3.png | https://w.wallhaven.cc/full/gw/wallhaven-gwwlm3.png | 成功
2026-06-12 16:11:43 | 3345 x 1832p9elg9.png | https://w.wallhaven.cc/full/p9/wallhaven-p9elg9.png | 成功
2026-06-12 16:12:14 | 未知 | https://wallhaven.cc/w/jewo2w | 失败-HTTPSConnectionPool(host='wallhaven.cc', port=443): Max retries exceeded with url: /w/jewo2w (Caused by SSLError(SSLZeroReturnError(6, 'TLS/SSL connection has been closed (EOF) (_ssl.c:1147)')))
2026-06-12 16:12:16 | 1500 x 10021pz1x1.jpg | https://w.wallhaven.cc/full/1p/wallhaven-1pz1x1.jpg | 成功
2026-06-12 16:12:20 | 2560 x 14401q8y5g.png | https://w.wallhaven.cc/full/1q/wallhaven-1q8y5g.png | 成功
2026-06-12 16:12:23 | 3000 x 22503qzvey.jpg | https://w.wallhaven.cc/full/3q/wallhaven-3qzvey.jpg | 成功
2026-06-12 16:12:26 | 1020 x 1780l8ow7p.png | https://w.wallhaven.cc/full/l8/wallhaven-l8ow7p.png | 成功
2026-06-12 16:12:28 | 1360 x 768nevrvl.jpg | https://w.wallhaven.cc/full/ne/wallhaven-nevrvl.jpg | 成功
2026-06-12 16:12:30 | 1489 x 1920xeeogz.jpg | https://w.wallhaven.cc/full/xe/wallhaven-xeeogz.jpg | 成功
2026-06-12 16:12:32 | 1920 x 1200n6k83l.jpg | https://w.wallhaven.cc/full/n6/wallhaven-n6k83l.jpg | 成功
2026-06-12 16:12:35 | 1570 x 10505ywep3.jpg | https://w.wallhaven.cc/full/5y/wallhaven-5ywep3.jpg | 成功
2026-06-12 16:12:37 | 3840 x 2160k89p2m.jpg | https://w.wallhaven.cc/full/k8/wallhaven-k89p2m.jpg | 成功
2026-06-12 16:12:40 | 2306 x 10805yly31.jpg | https://w.wallhaven.cc/full/5y/wallhaven-5yly31.jpg | 成功
2026-06-12 16:13:12 | 未知 | https://wallhaven.cc/w/1q3olg | 失败-HTTPSConnectionPool(host='w.wallhaven.cc', port=443): Max retries exceeded with url: /full/1q/wallhaven-1q3olg.jpg (Caused by ProxyError('Unable to connect to proxy', RemoteDisconnected('Remote end closed connection without response')))
2026-06-12 16:13:14 | 2000 x 1217og98r9.jpg | https://w.wallhaven.cc/full/og/wallhaven-og98r9.jpg | 成功
2026-06-12 16:13:18 | 956 x 1700og3yg9.jpg | https://w.wallhaven.cc/full/og/wallhaven-og3yg9.jpg | 成功
2026-06-12 16:13:20 | 1500 x 1000d678jj.jpg | https://w.wallhaven.cc/full/d6/wallhaven-d678jj.jpg | 成功
2026-06-12 16:13:24 | 6000 x 2501ly9eml.jpg | https://w.wallhaven.cc/full/ly/wallhaven-ly9eml.jpg | 成功
2026-06-12 16:13:27 | 2160 x 3840x6wrxv.png | https://w.wallhaven.cc/full/x6/wallhaven-x6wrxv.png | 成功
2026-06-12 16:13:32 | 6000 x 2800gwj6o7.jpg | https://w.wallhaven.cc/full/gw/wallhaven-gwj6o7.jpg | 成功
2026-06-12 16:13:36 | 5472 x 3648o58815.jpg | https://w.wallhaven.cc/full/o5/wallhaven-o58815.jpg | 成功
2026-06-12 16:13:38 | 1798 x 1200vq6ypp.jpg | https://w.wallhaven.cc/full/vq/wallhaven-vq6ypp.jpg | 成功
2026-06-12 16:13:41 | 1600 x 1143jex8qq.jpg | https://w.wallhaven.cc/full/je/wallhaven-jex8qq.jpg | 成功
2026-06-12 16:13:44 | 3508 x 2480vpxq93.jpg | https://w.wallhaven.cc/full/vp/wallhaven-vpxq93.jpg | 成功
2026-06-12 16:13:46 | 1799 x 12001pzxp9.jpg | https://w.wallhaven.cc/full/1p/wallhaven-1pzxp9.jpg | 成功
2026-06-12 16:13:48 | 2500 x 1407ly9qzq.jpg | https://w.wallhaven.cc/full/ly/wallhaven-ly9qzq.jpg | 成功
2026-06-12 16:13:50 | 1920 x 1080d6lgjg.jpg | https://w.wallhaven.cc/full/d6/wallhaven-d6lgjg.jpg | 成功
2026-06-12 16:13:52 | 1532 x 1920vp9k13.jpg | https://w.wallhaven.cc/full/vp/wallhaven-vp9k13.jpg | 成功
2026-06-12 16:13:55 | 1600 x 11381q11gv.jpg | https://w.wallhaven.cc/full/1q/wallhaven-1q11gv.jpg | 成功
2026-06-12 16:13:57 | 5076 x 2160yx1qr7.jpg | https://w.wallhaven.cc/full/yx/wallhaven-yx1qr7.jpg | 成功
2026-06-12 16:14:01 | 2389 x 13415g1v98.jpg | https://w.wallhaven.cc/full/5g/wallhaven-5g1v98.jpg | 成功
2026-06-12 16:14:04 | 4000 x 250021yp59.jpg | https://w.wallhaven.cc/full/21/wallhaven-21yp59.jpg | 成功
2026-06-12 16:14:07 | 2048 x 13637p59q3.jpg | https://w.wallhaven.cc/full/7p/wallhaven-7p59q3.jpg | 成功
2026-06-12 16:14:10 | 3840 x 2160l83k62.jpg | https://w.wallhaven.cc/full/l8/wallhaven-l83k62.jpg | 成功
2026-06-12 16:14:15 | 4617 x 6540po98ym.jpg | https://w.wallhaven.cc/full/po/wallhaven-po98ym.jpg | 成功
2026-06-12 16:14:17 | 1900 x 1267kxqxv6.jpg | https://w.wallhaven.cc/full/kx/wallhaven-kxqxv6.jpg | 成功
2026-06-12 16:14:20 | 2160 x 38401pm7lw.jpg | https://w.wallhaven.cc/full/1p/wallhaven-1pm7lw.jpg | 成功
2026-06-12 16:14:23 | 4096 x 30722y5jv9.jpg | https://w.wallhaven.cc/full/2y/wallhaven-2y5jv9.jpg | 成功
2026-06-12 16:14:25 | 1362 x 2048yxprdl.jpg | https://w.wallhaven.cc/full/yx/wallhaven-yxprdl.jpg | 成功
2026-06-12 16:14:28 | 1920 x 12806drm5x.jpg | https://w.wallhaven.cc/full/6d/wallhaven-6drm5x.jpg | 成功
2026-06-12 16:14:30 | 2048 x 1134p9re2j.jpg | https://w.wallhaven.cc/full/p9/wallhaven-p9re2j.jpg | 成功
2026-06-12 16:14:34 | 3840 x 2160yxz6pl.jpg | https://w.wallhaven.cc/full/yx/wallhaven-yxz6pl.jpg | 成功
2026-06-12 16:14:36 | 3840 x 21603lmqyd.jpg | https://w.wallhaven.cc/full/3l/wallhaven-3lmqyd.jpg | 成功
2026-06-12 16:14:39 | 1920 x 1080qz7qm7.png | https://w.wallhaven.cc/full/qz/wallhaven-qz7qm7.png | 成功
2026-06-12 16:14:42 | 850 x 1295je9w8q.jpg | https://w.wallhaven.cc/full/je/wallhaven-je9w8q.jpg | 成功
2026-06-12 16:14:46 | 1068 x 13141pvlo3.jpg | https://w.wallhaven.cc/full/1p/wallhaven-1pvlo3.jpg | 成功
2026-06-12 16:14:49 | 2800 x 20004d3r9g.jpg | https://w.wallhaven.cc/full/4d/wallhaven-4d3r9g.jpg | 成功
2026-06-12 16:14:51 | 1500 x 1002exm3eo.jpg | https://w.wallhaven.cc/full/ex/wallhaven-exm3eo.jpg | 成功
2026-06-12 16:14:54 | 2285 x 10506lklmq.jpg | https://w.wallhaven.cc/full/6l/wallhaven-6lklmq.jpg | 成功
2026-06-12 16:14:57 | 1517 x 1080ney1w8.png | https://w.wallhaven.cc/full/ne/wallhaven-ney1w8.png | 成功
2026-06-12 16:15:00 | 2240 x 1456rq2meq.jpg | https://w.wallhaven.cc/full/rq/wallhaven-rq2meq.jpg | 成功
2026-06-12 16:15:02 | 3500 x 2626rqy5qj.jpg | https://w.wallhaven.cc/full/rq/wallhaven-rqy5qj.jpg | 成功
2026-06-12 16:15:05 | 3500 x 2126yqmzdl.jpg | https://w.wallhaven.cc/full/yq/wallhaven-yqmzdl.jpg | 成功
2026-06-12 16:15:07 | 2329 x 386221yz79.jpg | https://w.wallhaven.cc/full/21/wallhaven-21yz79.jpg | 成功
2026-06-12 16:15:10 | 3000 x 2095kxqwom.jpg | https://w.wallhaven.cc/full/kx/wallhaven-kxqwom.jpg | 成功
2026-06-12 16:15:13 | 3840 x 2160m3j7ym.jpg | https://w.wallhaven.cc/full/m3/wallhaven-m3j7ym.jpg | 成功
2026-06-12 16:15:16 | 4096 x 2320ml3mqm.jpg | https://w.wallhaven.cc/full/ml/wallhaven-ml3mqm.jpg | 成功
2026-06-12 16:15:19 | 3000 x 1689d8pevj.jpg | https://w.wallhaven.cc/full/d8/wallhaven-d8pevj.jpg | 成功
2026-06-12 16:15:50 | 未知 | https://wallhaven.cc/w/3qolzy | 失败-HTTPSConnectionPool(host='wallhaven.cc', port=443): Max retries exceeded with url: /w/3qolzy (Caused by SSLError(SSLZeroReturnError(6, 'TLS/SSL connection has been closed (EOF) (_ssl.c:1147)')))
2026-06-12 16:15:52 | 4093 x 2894ly39j2.jpg | https://w.wallhaven.cc/full/ly/wallhaven-ly39j2.jpg | 成功
2026-06-12 16:15:55 | 3840 x 2160yqjdpd.jpg | https://w.wallhaven.cc/full/yq/wallhaven-yqjdpd.jpg | 成功
2026-06-12 16:15:59 | 1500 x 100085ygvj.jpg | https://w.wallhaven.cc/full/85/wallhaven-85ygvj.jpg | 成功
2026-06-12 16:16:01 | 3840 x 2160lyqrzr.jpg | https://w.wallhaven.cc/full/ly/wallhaven-lyqrzr.jpg | 成功
2026-06-12 16:16:05 | 3840 x 1536w5lj7p.jpg | https://w.wallhaven.cc/full/w5/wallhaven-w5lj7p.jpg | 成功
2026-06-12 16:16:08 | 3840 x 2160oxoz6l.png | https://w.wallhaven.cc/full/ox/wallhaven-oxoz6l.png | 成功
2026-06-12 16:16:12 | 5200 x 3200ex5328.jpg | https://w.wallhaven.cc/full/ex/wallhaven-ex5328.jpg | 成功
2026-06-12 16:16:15 | 2538 x 13666ljym6.jpg | https://w.wallhaven.cc/full/6l/wallhaven-6ljym6.jpg | 成功
2026-06-12 16:16:18 | 2300 x 32301p7vkv.jpg | https://w.wallhaven.cc/full/1p/wallhaven-1p7vkv.jpg | 成功
2026-06-12 16:16:21 | 1518 x 100021epym.jpg | https://w.wallhaven.cc/full/21/wallhaven-21epym.jpg | 成功
2026-06-12 16:16:24 | 2104 x 14889oo7od.jpg | https://w.wallhaven.cc/full/9o/wallhaven-9oo7od.jpg | 成功
2026-06-12 16:16:27 | 2306 x 10806ljyd6.jpg | https://w.wallhaven.cc/full/6l/wallhaven-6ljyd6.jpg | 成功
2026-06-12 16:16:30 | 6000 x 2800ly9mlr.jpg | https://w.wallhaven.cc/full/ly/wallhaven-ly9mlr.jpg | 成功
2026-06-12 16:16:32 | 2560 x 1440je1o2y.jpg | https://w.wallhaven.cc/full/je/wallhaven-je1o2y.jpg | 成功
2026-06-12 16:16:35 | 8031 x 13397j19zy.png | https://w.wallhaven.cc/full/7j/wallhaven-7j19zy.png | 成功
2026-06-12 16:16:38 | 5047 x 3140ogg3zp.jpg | https://w.wallhaven.cc/full/og/wallhaven-ogg3zp.jpg | 成功
2026-06-12 16:16:40 | 1920 x 12283qkdg3.png | https://w.wallhaven.cc/full/3q/wallhaven-3qkdg3.png | 成功
2026-06-12 16:16:44 | 5122 x 2880yq7gox.jpg | https://w.wallhaven.cc/full/yq/wallhaven-yq7gox.jpg | 成功
2026-06-12 16:16:46 | 2560 x 14406lok5l.png | https://w.wallhaven.cc/full/6l/wallhaven-6lok5l.png | 成功
2026-06-12 16:16:50 | 4500 x 30006lklwl.jpg | https://w.wallhaven.cc/full/6l/wallhaven-6lklwl.jpg | 成功
2026-06-12 16:16:52 | 3840 x 2509l86kgl.jpg | https://w.wallhaven.cc/full/l8/wallhaven-l86kgl.jpg | 成功
2026-06-12 16:16:56 | 2257 x 1342yqer5l.jpg | https://w.wallhaven.cc/full/yq/wallhaven-yqer5l.jpg | 成功
2026-06-12 16:16:58 | 1300 x 1854je52lq.jpg | https://w.wallhaven.cc/full/je/wallhaven-je52lq.jpg | 成功
2026-06-12 16:17:02 | 7087 x 4724qzy3or.jpg | https://w.wallhaven.cc/full/qz/wallhaven-qzy3or.jpg | 成功
2026-06-12 16:17:05 | 2560 x 14409omq61.png | https://w.wallhaven.cc/full/9o/wallhaven-9omq61.png | 成功
2026-06-12 16:17:07 | 1900 x 1267zyey3v.jpg | https://w.wallhaven.cc/full/zy/wallhaven-zyey3v.jpg | 成功
2026-06-12 16:17:09 | 1920 x 1080vp92o3.png | https://w.wallhaven.cc/full/vp/wallhaven-vp92o3.png | 成功
2026-06-12 16:17:12 | 2500 x 14069dekyx.jpg | https://w.wallhaven.cc/full/9d/wallhaven-9dekyx.jpg | 成功
2026-06-12 16:17:15 | 2172 x 1086yxw9q7.png | https://w.wallhaven.cc/full/yx/wallhaven-yxw9q7.png | 成功
2026-06-12 16:17:17 | 2048 x 10242185z9.png | https://w.wallhaven.cc/full/21/wallhaven-2185z9.png | 成功
2026-06-12 16:17:20 | 3840 x 2160xel95o.jpg | https://w.wallhaven.cc/full/xe/wallhaven-xel95o.jpg | 成功
2026-06-12 16:17:24 | 3840 x 2160rr81e7.png | https://w.wallhaven.cc/full/rr/wallhaven-rr81e7.png | 成功
2026-06-12 16:17:26 | 2600 x 1463w586dr.png | https://w.wallhaven.cc/full/w5/wallhaven-w586dr.png | 成功
2026-06-12 16:17:28 | 1412 x 9997j38z3.jpg | https://w.wallhaven.cc/full/7j/wallhaven-7j38z3.jpg | 成功
2026-06-12 16:17:31 | 3840 x 2160w55m8x.jpg | https://w.wallhaven.cc/full/w5/wallhaven-w55m8x.jpg | 成功
2026-06-12 16:17:35 | 6000 x 4000852q62.png | https://w.wallhaven.cc/full/85/wallhaven-852q62.png | 成功
2026-06-12 16:17:38 | 3000 x 4242rqq35q.jpg | https://w.wallhaven.cc/full/rq/wallhaven-rqq35q.jpg | 成功
2026-06-12 16:17:42 | 3840 x 21603q9qky.png | https://w.wallhaven.cc/full/3q/wallhaven-3q9qky.png | 成功
2026-06-12 16:17:44 | 1920 x 1001r2e7yq.png | https://w.wallhaven.cc/full/r2/wallhaven-r2e7yq.png | 成功
2026-06-12 16:17:46 | 2760 x 1410mllvv1.jpg | https://w.wallhaven.cc/full/ml/wallhaven-mllvv1.jpg | 成功
2026-06-12 16:17:49 | 2560 x 1440ml1ey9.png | https://w.wallhaven.cc/full/ml/wallhaven-ml1ey9.png | 成功
2026-06-12 16:17:53 | 3840 x 2160wez93q.jpg | https://w.wallhaven.cc/full/we/wallhaven-wez93q.jpg | 成功
2026-06-12 16:17:55 | 2391 x 3500je9x7y.jpg | https://w.wallhaven.cc/full/je/wallhaven-je9x7y.jpg | 成功
2026-06-12 16:17:59 | 7125 x 3006j5rxvq.jpg | https://w.wallhaven.cc/full/j5/wallhaven-j5rxvq.jpg | 成功
2026-06-12 16:18:02 | 2500 x 2950gprk5q.jpg | https://w.wallhaven.cc/full/gp/wallhaven-gprk5q.jpg | 成功
2026-06-12 16:18:06 | 1192 x 1594jxj1op.png | https://w.wallhaven.cc/full/jx/wallhaven-jxj1op.png | 成功
2026-06-12 16:18:09 | 5180 x 3625mlzgy1.jpg | https://w.wallhaven.cc/full/ml/wallhaven-mlzgy1.jpg | 成功
2026-06-12 16:18:12 | 3840 x 2160kxmokq.jpg | https://w.wallhaven.cc/full/kx/wallhaven-kxmokq.jpg | 成功
2026-06-12 16:18:16 | 4000 x 26663qo36v.jpg | https://w.wallhaven.cc/full/3q/wallhaven-3qo36v.jpg | 成功
2026-06-12 16:18:19 | 1920 x 954rrlq8m.jpg | https://w.wallhaven.cc/full/rr/wallhaven-rrlq8m.jpg | 成功
2026-06-12 16:18:21 | 2450 x 13785y5l63.jpg | https://w.wallhaven.cc/full/5y/wallhaven-5y5l63.jpg | 成功
2026-06-12 16:18:24 | 3648 x 1250zpxzrj.png | https://w.wallhaven.cc/full/zp/wallhaven-zpxzrj.png | 成功
2026-06-12 16:18:27 | 4000 x 218921ke9m.jpg | https://w.wallhaven.cc/full/21/wallhaven-21ke9m.jpg | 成功
2026-06-12 16:18:30 | 2880 x 1620gp6gp7.png | https://w.wallhaven.cc/full/gp/wallhaven-gp6gp7.png | 成功
2026-06-12 16:18:33 | 4040 x 24809o51l8.jpg | https://w.wallhaven.cc/full/9o/wallhaven-9o51l8.jpg | 成功
2026-06-12 16:18:35 | 3840 x 2400d8w8y3.jpg | https://w.wallhaven.cc/full/d8/wallhaven-d8w8y3.jpg | 成功
2026-06-12 16:18:37 | 3839 x 21605ygkr1.jpg | https://w.wallhaven.cc/full/5y/wallhaven-5ygkr1.jpg | 成功
2026-06-12 16:18:39 | 3257 x 2462yqmy3k.jpg | https://w.wallhaven.cc/full/yq/wallhaven-yqmy3k.jpg | 成功
2026-06-12 16:18:43 | 3598 x 1944yqerl7.jpg | https://w.wallhaven.cc/full/yq/wallhaven-yqerl7.jpg | 成功
2026-06-12 16:18:46 | 1536 x 2048kxyqx6.jpg | https://w.wallhaven.cc/full/kx/wallhaven-kxyqx6.jpg | 成功
2026-06-12 16:18:48 | 1500 x 10528g3z82.jpg | https://w.wallhaven.cc/full/8g/wallhaven-8g3z82.jpg | 成功
2026-06-12 16:18:51 | 4000 x 26665ylzm9.jpg | https://w.wallhaven.cc/full/5y/wallhaven-5ylzm9.jpg | 成功
2026-06-12 16:18:55 | 3840 x 21607j3lve.png | https://w.wallhaven.cc/full/7j/wallhaven-7j3lve.png | 成功
2026-06-12 16:18:58 | 4096 x 2304qr3vx7.jpg | https://w.wallhaven.cc/full/qr/wallhaven-qr3vx7.jpg | 成功
2026-06-12 16:19:00 | 1697 x 12001q36o3.jpg | https://w.wallhaven.cc/full/1q/wallhaven-1q36o3.jpg | 成功
2026-06-12 16:19:02 | 1210 x 18146lkx8q.jpg | https://w.wallhaven.cc/full/6l/wallhaven-6lkx8q.jpg | 成功
2026-06-12 16:19:05 | 1500 x 980rq2mwq.jpg | https://w.wallhaven.cc/full/rq/wallhaven-rq2mwq.jpg | 成功
2026-06-12 16:19:08 | 3840 x 21605ydmy3.png | https://w.wallhaven.cc/full/5y/wallhaven-5ydmy3.png | 成功
2026-06-12 16:19:11 | 2599 x 39801qpk61.png | https://w.wallhaven.cc/full/1q/wallhaven-1qpk61.png | 成功
2026-06-12 16:19:14 | 4000 x 2354k888gm.jpg | https://w.wallhaven.cc/full/k8/wallhaven-k888gm.jpg | 成功
2026-06-12 16:19:16 | 2500 x 16208gdd2o.jpg | https://w.wallhaven.cc/full/8g/wallhaven-8gdd2o.jpg | 成功
2026-06-12 16:19:19 | 3503 x 1950gw5pdd.jpg | https://w.wallhaven.cc/full/gw/wallhaven-gw5pdd.jpg | 成功
2026-06-12 16:19:21 | 1013 x 1800og9rvm.jpg | https://w.wallhaven.cc/full/og/wallhaven-og9rvm.jpg | 成功
2026-06-12 16:19:23 | 3840 x 2264yxdgkd.jpg | https://w.wallhaven.cc/full/yx/wallhaven-yxdgkd.jpg | 成功
2026-06-12 16:19:27 | 5257 x 27906llmg7.jpg | https://w.wallhaven.cc/full/6l/wallhaven-6llmg7.jpg | 成功
2026-06-12 16:19:30 | 3840 x 2160o5omyl.jpg | https://w.wallhaven.cc/full/o5/wallhaven-o5omyl.jpg | 成功
2026-06-12 16:19:33 | 1920 x 10806d6lq7.jpg | https://w.wallhaven.cc/full/6d/wallhaven-6d6lq7.jpg | 成功
2026-06-12 16:19:37 | 1900 x 1375rrlr51.jpg | https://w.wallhaven.cc/full/rr/wallhaven-rrlr51.jpg | 成功
2026-06-12 16:19:40 | 1980 x 14001pe5e9.png | https://w.wallhaven.cc/full/1p/wallhaven-1pe5e9.png | 成功
2026-06-12 16:19:43 | 1920 x 919yxpq67.jpg | https://w.wallhaven.cc/full/yx/wallhaven-yxpq67.jpg | 成功
2026-06-12 16:19:46 | 3000 x 1300gw7oy3.png | https://w.wallhaven.cc/full/gw/wallhaven-gw7oy3.png | 成功
2026-06-12 16:19:49 | 4000 x 17837j6l6o.jpg | https://w.wallhaven.cc/full/7j/wallhaven-7j6l6o.jpg | 成功
2026-06-12 16:19:52 | 1227 x 19776ll7j6.png | https://w.wallhaven.cc/full/6l/wallhaven-6ll7j6.png | 成功
2026-06-12 16:19:55 | 3411 x 16278gkmjk.jpg | https://w.wallhaven.cc/full/8g/wallhaven-8gkmjk.jpg | 成功
2026-06-12 16:19:58 | 3496 x 24881pme3g.jpg | https://w.wallhaven.cc/full/1p/wallhaven-1pme3g.jpg | 成功
2026-06-12 16:20:00 | 3839 x 2563gpy91e.jpg | https://w.wallhaven.cc/full/gp/wallhaven-gpy91e.jpg | 成功
2026-06-12 16:20:03 | 1920 x 10809oovg8.jpg | https://w.wallhaven.cc/full/9o/wallhaven-9oovg8.jpg | 成功
2026-06-12 16:20:06 | 3840 x 2160zp5pwy.png | https://w.wallhaven.cc/full/zp/wallhaven-zp5pwy.png | 成功
2026-06-12 16:20:09 | 5000 x 3797l85mkl.png | https://w.wallhaven.cc/full/l8/wallhaven-l85mkl.png | 成功
2026-06-12 16:20:12 | 1500 x 1001gpe5qe.jpg | https://w.wallhaven.cc/full/gp/wallhaven-gpe5qe.jpg | 成功
2026-06-12 16:20:14 | 1500 x 10009dlovw.jpg | https://w.wallhaven.cc/full/9d/wallhaven-9dlovw.jpg | 成功
2026-06-12 16:20:17 | 1920 x 8009d1l38.png | https://w.wallhaven.cc/full/9d/wallhaven-9d1l38.png | 成功
2026-06-12 16:20:19 | 4000 x 1673vpxzdl.jpg | https://w.wallhaven.cc/full/vp/wallhaven-vpxzdl.jpg | 成功
2026-06-12 16:20:22 | 4000 x 22503qk1dv.jpg | https://w.wallhaven.cc/full/3q/wallhaven-3qk1dv.jpg | 成功
2026-06-12 16:20:25 | 1920 x 1080gpqye7.jpg | https://w.wallhaven.cc/full/gp/wallhaven-gpqye7.jpg | 成功
2026-06-12 16:20:27 | 3000 x 1300og3zo9.png | https://w.wallhaven.cc/full/og/wallhaven-og3zo9.png | 成功
2026-06-12 16:20:30 | 2171 x 1618rqj26q.png | https://w.wallhaven.cc/full/rq/wallhaven-rqj26q.png | 成功
2026-06-12 16:20:32 | 8000 x 4500w58vvr.jpg | https://w.wallhaven.cc/full/w5/wallhaven-w58vvr.jpg | 成功
2026-06-12 16:20:36 | 1800 x 1013ly9m6r.jpg | https://w.wallhaven.cc/full/ly/wallhaven-ly9m6r.jpg | 成功
2026-06-12 16:20:38 | 1706 x 1279og9wym.jpg | https://w.wallhaven.cc/full/og/wallhaven-og9wym.jpg | 成功
2026-06-12 16:20:41 | 3200 x 18006d1lq7.png | https://w.wallhaven.cc/full/6d/wallhaven-6d1lq7.png | 成功
2026-06-12 16:20:44 | 3072 x 4096k889md.jpg | https://w.wallhaven.cc/full/k8/wallhaven-k889md.jpg | 成功
2026-06-12 16:20:46 | 900 x 1600vp9p85.jpg | https://w.wallhaven.cc/full/vp/wallhaven-vp9p85.jpg | 成功
2026-06-12 16:20:49 | 2243 x 2924je1oj5.jpg | https://w.wallhaven.cc/full/je/wallhaven-je1oj5.jpg | 成功
2026-06-12 16:20:53 | 1920 x 1080jxj8ep.png | https://w.wallhaven.cc/full/jx/wallhaven-jxj8ep.png | 成功
2026-06-12 16:20:56 | 3840 x 2160gwzjel.png | https://w.wallhaven.cc/full/gw/wallhaven-gwzjel.png | 成功
2026-06-12 16:20:58 | 1920 x 960o5ry1p.jpg | https://w.wallhaven.cc/full/o5/wallhaven-o5ry1p.jpg | 成功
2026-06-12 16:21:02 | 8120 x 4568zyeedj.jpg | https://w.wallhaven.cc/full/zy/wallhaven-zyeedj.jpg | 成功
2026-06-12 16:21:04 | 4096 x 230421y179.jpg | https://w.wallhaven.cc/full/21/wallhaven-21y179.jpg | 成功
2026-06-12 16:21:06 | 1800 x 1013ly9m6r.jpg | https://w.wallhaven.cc/full/ly/wallhaven-ly9m6r.jpg | 成功
2026-06-12 16:21:09 | 1706 x 1279og9wym.jpg | https://w.wallhaven.cc/full/og/wallhaven-og9wym.jpg | 成功
2026-06-12 16:21:10 | 3200 x 1800lyml1l.jpg | https://w.wallhaven.cc/full/ly/wallhaven-lyml1l.jpg | 成功
2026-06-12 16:21:13 | 2160 x 38409d1pkx.png | https://w.wallhaven.cc/full/9d/wallhaven-9d1pkx.png | 成功
2026-06-12 16:21:15 | 1773 x 1245kxpye7.jpg | https://w.wallhaven.cc/full/kx/wallhaven-kxpye7.jpg | 成功
2026-06-12 16:21:18 | 1276 x 17113q96l6.jpg | https://w.wallhaven.cc/full/3q/wallhaven-3q96l6.jpg | 成功
2026-06-12 16:21:21 | 4046 x 2276jxjr85.jpg | https://w.wallhaven.cc/full/jx/wallhaven-jxjr85.jpg | 成功
2026-06-12 16:21:26 | 3840 x 2160w5qo2x.png | https://w.wallhaven.cc/full/w5/wallhaven-w5qo2x.png | 成功
2026-06-12 16:21:28 | 2242 x 1365k8x8y7.jpg | https://w.wallhaven.cc/full/k8/wallhaven-k8x8y7.jpg | 成功
2026-06-12 16:21:30 | 921 x 15353ldjdv.jpg | https://w.wallhaven.cc/full/3l/wallhaven-3ldjdv.jpg | 成功
2026-06-12 16:21:33 | 2560 x 1440lyz3d2.png | https://w.wallhaven.cc/full/ly/wallhaven-lyz3d2.png | 成功
2026-06-12 16:21:35 | 2000 x 1125qr2ow7.jpg | https://w.wallhaven.cc/full/qr/wallhaven-qr2ow7.jpg | 成功
2026-06-12 16:21:37 | 3500 x 1500yqm1kk.jpg | https://w.wallhaven.cc/full/yq/wallhaven-yqm1kk.jpg | 成功
2026-06-12 16:21:39 | 3840 x 1768xejz5z.jpg | https://w.wallhaven.cc/full/xe/wallhaven-xejz5z.jpg | 成功
2026-06-12 16:21:42 | 4297 x 2417d6rjmg.png | https://w.wallhaven.cc/full/d6/wallhaven-d6rjmg.png | 成功
2026-06-12 16:21:45 | 3000 x 3000jewk2q.jpg | https://w.wallhaven.cc/full/je/wallhaven-jewk2q.jpg | 成功
2026-06-12 16:21:48 | 3811 x 2284rq7leq.jpg | https://w.wallhaven.cc/full/rq/wallhaven-rq7leq.jpg | 成功
2026-06-12 16:21:50 | 3840 x 2160d8wryj.jpg | https://w.wallhaven.cc/full/d8/wallhaven-d8wryj.jpg | 成功
2026-06-12 16:21:53 | 1500 x 1125exm85r.jpg | https://w.wallhaven.cc/full/ex/wallhaven-exm85r.jpg | 成功
2026-06-12 16:21:56 | 1500 x 1000zyepwj.jpg | https://w.wallhaven.cc/full/zy/wallhaven-zyepwj.jpg | 成功
2026-06-12 16:21:58 | 1920 x 10805ydjr3.png | https://w.wallhaven.cc/full/5y/wallhaven-5ydjr3.png | 成功
2026-06-12 16:22:01 | 3508 x 248021gy86.jpg | https://w.wallhaven.cc/full/21/wallhaven-21gy86.jpg | 成功
2026-06-12 16:22:04 | 1920 x 1152gw7rml.jpg | https://w.wallhaven.cc/full/gw/wallhaven-gw7rml.jpg | 成功
2026-06-12 16:22:06 | 2322 x 1006gwzw17.jpg | https://w.wallhaven.cc/full/gw/wallhaven-gwzw17.jpg | 成功
2026-06-12 16:22:09 | 2133 x 1251pol839.png | https://w.wallhaven.cc/full/po/wallhaven-pol839.png | 成功
2026-06-12 16:22:11 | 3481 x 1958qrd8gd.jpg | https://w.wallhaven.cc/full/qr/wallhaven-qrd8gd.jpg | 成功
2026-06-12 16:22:13 | 4608 x 2963qd82xq.jpg | https://w.wallhaven.cc/full/qd/wallhaven-qd82xq.jpg | 成功
2026-06-12 16:22:16 | 5122 x 2880ly9kpy.jpg | https://w.wallhaven.cc/full/ly/wallhaven-ly9kpy.jpg | 成功
2026-06-12 16:22:19 | 2500 x 1407exj2l8.jpg | https://w.wallhaven.cc/full/ex/wallhaven-exj2l8.jpg | 成功
2026-06-12 16:22:21 | 1500 x 1318l81zwp.jpg | https://w.wallhaven.cc/full/l8/wallhaven-l81zwp.jpg | 成功
2026-06-12 16:22:24 | 3200 x 1452lykgx2.jpg | https://w.wallhaven.cc/full/ly/wallhaven-lykgx2.jpg | 成功
2026-06-12 16:22:26 | 2560 x 14406d8vwl.jpg | https://w.wallhaven.cc/full/6d/wallhaven-6d8vwl.jpg | 成功
2026-06-12 16:22:29 | 1920 x 1080k8zl8d.png | https://w.wallhaven.cc/full/k8/wallhaven-k8zl8d.png | 成功
2026-06-12 16:22:32 | 3840 x 2044yqqvv7.jpg | https://w.wallhaven.cc/full/yq/wallhaven-yqqvv7.jpg | 成功
2026-06-12 16:22:35 | 2800 x 15759o8k9w.jpg | https://w.wallhaven.cc/full/9o/wallhaven-9o8k9w.jpg | 成功
2026-06-12 16:22:37 | 1667 x 18483q35m6.jpg | https://w.wallhaven.cc/full/3q/wallhaven-3q35m6.jpg | 成功
2026-06-12 16:22:39 | 3840 x 21608g37jy.jpg | https://w.wallhaven.cc/full/8g/wallhaven-8g37jy.jpg | 成功
2026-06-12 16:22:42 | 2480 x 3508yq5q8d.jpg | https://w.wallhaven.cc/full/yq/wallhaven-yq5q8d.jpg | 成功
2026-06-12 16:22:45 | 4096 x 17435ywxr5.png | https://w.wallhaven.cc/full/5y/wallhaven-5ywxr5.png | 成功
2026-06-12 16:22:50 | 5906 x 3508zpp8oj.jpg | https://w.wallhaven.cc/full/zp/wallhaven-zpp8oj.jpg | 成功
2026-06-12 16:22:53 | 6006 x 4504qr9w9l.png | https://w.wallhaven.cc/full/qr/wallhaven-qr9w9l.png | 成功
2026-06-12 16:22:55 | 1920 x 12001qpje3.jpg | https://w.wallhaven.cc/full/1q/wallhaven-1qpje3.jpg | 成功
2026-06-12 16:22:58 | 1588 x 1570vpxpe8.jpg | https://w.wallhaven.cc/full/vp/wallhaven-vpxpe8.jpg | 成功
2026-06-12 16:23:01 | 3721 x 1972e88jk8.jpg | https://w.wallhaven.cc/full/e8/wallhaven-e88jk8.jpg | 成功
2026-06-12 16:23:03 | 1500 x 10025g9yo1.jpg | https://w.wallhaven.cc/full/5g/wallhaven-5g9yo1.jpg | 成功
2026-06-12 16:23:05 | 995 x 1660lm2poy.png | https://w.wallhaven.cc/full/lm/wallhaven-lm2poy.png | 成功
2026-06-12 16:23:07 | 3200 x 18822ypx56.jpg | https://w.wallhaven.cc/full/2y/wallhaven-2ypx56.jpg | 成功
2026-06-12 16:23:09 | 4884 x 2929qz1k95.jpg | https://w.wallhaven.cc/full/qz/wallhaven-qz1k95.jpg | 成功
2026-06-12 16:23:12 | 3608 x 19545yyq53.jpg | https://w.wallhaven.cc/full/5y/wallhaven-5yyq53.jpg | 成功
2026-06-12 16:23:14 | 1499 x 1500zyjelg.jpg | https://w.wallhaven.cc/full/zy/wallhaven-zyjelg.jpg | 成功
2026-06-12 16:23:18 | 3840 x 2274e8z8jk.jpg | https://w.wallhaven.cc/full/e8/wallhaven-e8z8jk.jpg | 成功
2026-06-12 16:23:21 | 3840 x 2160vqwxd8.jpg | https://w.wallhaven.cc/full/vq/wallhaven-vqwxd8.jpg | 成功
2026-06-12 16:23:24 | 3508 x 1973k88z5m.jpg | https://w.wallhaven.cc/full/k8/wallhaven-k88z5m.jpg | 成功
2026-06-12 16:23:28 | 2048 x 12815yge21.jpg | https://w.wallhaven.cc/full/5y/wallhaven-5yge21.jpg | 成功
2026-06-12 16:23:30 | 1920 x 1080lyqlky.jpg | https://w.wallhaven.cc/full/ly/wallhaven-lyqlky.jpg | 成功
2026-06-12 16:23:34 | 3840 x 2160yqxkxl.jpg | https://w.wallhaven.cc/full/yq/wallhaven-yqxkxl.jpg | 成功
2026-06-12 16:23:36 | 1920 x 1153kxq856.jpg | https://w.wallhaven.cc/full/kx/wallhaven-kxq856.jpg | 成功
2026-06-12 16:23:40 | 1920 x 1080ogyvpl.jpg | https://w.wallhaven.cc/full/og/wallhaven-ogyvpl.jpg | 成功
2026-06-12 16:23:42 | 1600 x 1200exd5pk.png | https://w.wallhaven.cc/full/ex/wallhaven-exd5pk.png | 成功
2026-06-12 16:23:46 | 8268 x 4685gw8vjd.jpg | https://w.wallhaven.cc/full/gw/wallhaven-gw8vjd.jpg | 成功
2026-06-12 16:23:48 | 3553 x 2000k837l6.jpg | https://w.wallhaven.cc/full/k8/wallhaven-k837l6.jpg | 成功
2026-06-12 16:23:51 | 2189 x 1231p9q7v9.png | https://w.wallhaven.cc/full/p9/wallhaven-p9q7v9.png | 成功
2026-06-12 16:23:53 | 4096 x 16536ldl7w.jpg | https://w.wallhaven.cc/full/6l/wallhaven-6ldl7w.jpg | 成功
2026-06-12 16:23:56 | 1500 x 100285ygmj.jpg | https://w.wallhaven.cc/full/85/wallhaven-85ygmj.jpg | 成功
2026-06-12 16:23:58 | 1920 x 1080o5p257.jpg | https://w.wallhaven.cc/full/o5/wallhaven-o5p257.jpg | 成功
2026-06-12 16:24:01 | 1799 x 1200qzygz7.jpg | https://w.wallhaven.cc/full/qz/wallhaven-qzygz7.jpg | 成功
2026-06-12 16:24:04 | 1500 x 1000m3kz18.jpg | https://w.wallhaven.cc/full/m3/wallhaven-m3kz18.jpg | 成功
2026-06-12 16:24:06 | 4365 x 2160xeev83.jpg | https://w.wallhaven.cc/full/xe/wallhaven-xeev83.jpg | 成功
2026-06-12 16:24:10 | 3776 x 12168gxe11.png | https://w.wallhaven.cc/full/8g/wallhaven-8gxe11.png | 成功
2026-06-12 16:24:12 | 1468 x 1920zpy69y.jpg | https://w.wallhaven.cc/full/zp/wallhaven-zpy69y.jpg | 成功
2026-06-12 16:24:15 | 3461 x 2000gw76le.jpg | https://w.wallhaven.cc/full/gw/wallhaven-gw76le.jpg | 成功
2026-06-12 16:24:18 | 1448 x 2048wejemx.jpg | https://w.wallhaven.cc/full/we/wallhaven-wejemx.jpg | 成功
2026-06-12 16:24:21 | 1080 x 14391pyzm9.jpg | https://w.wallhaven.cc/full/1p/wallhaven-1pyzm9.jpg | 成功
2026-06-12 16:24:23 | 3200 x 16565yy869.png | https://w.wallhaven.cc/full/5y/wallhaven-5yy869.png | 成功
2026-06-12 16:24:25 | 4500 x 25005ydek7.jpg | https://w.wallhaven.cc/full/5y/wallhaven-5ydek7.jpg | 成功
2026-06-12 16:24:28 | 1500 x 10027p591y.jpg | https://w.wallhaven.cc/full/7p/wallhaven-7p591y.jpg | 成功
2026-06-12 16:24:31 | 1920 x 804zyk12j.jpg | https://w.wallhaven.cc/full/zy/wallhaven-zyk12j.jpg | 成功
2026-06-12 16:24:35 | 1920 x 1080qr6z35.jpg | https://w.wallhaven.cc/full/qr/wallhaven-qr6z35.jpg | 成功
2026-06-12 16:24:37 | 1500 x 1000zyezoy.jpg | https://w.wallhaven.cc/full/zy/wallhaven-zyezoy.jpg | 成功
2026-06-12 16:24:39 | 1500 x 1001qzyjgr.jpg | https://w.wallhaven.cc/full/qz/wallhaven-qzyjgr.jpg | 成功
2026-06-12 16:24:43 | 2921 x 40783qok83.jpg | https://w.wallhaven.cc/full/3q/wallhaven-3qok83.jpg | 成功
2026-06-12 16:24:49 | 3200 x 4800d8xj6l.jpg | https://w.wallhaven.cc/full/d8/wallhaven-d8xj6l.jpg | 成功
2026-06-12 16:24:52 | 1920 x 800ly8q7r.png | https://w.wallhaven.cc/full/ly/wallhaven-ly8q7r.png | 成功
2026-06-12 16:24:55 | 3840 x 1772k8z5vd.jpg | https://w.wallhaven.cc/full/k8/wallhaven-k8z5vd.jpg | 成功
2026-06-12 16:24:58 | 1096 x 227421g12m.jpg | https://w.wallhaven.cc/full/21/wallhaven-21g12m.jpg | 成功
2026-06-12 16:25:01 | 3839 x 2563jxgklm.jpg | https://w.wallhaven.cc/full/jx/wallhaven-jxgklm.jpg | 成功
2026-06-12 16:25:03 | 5334 x 3000vq7yo3.jpg | https://w.wallhaven.cc/full/vq/wallhaven-vq7yo3.jpg | 成功
2026-06-12 16:25:08 | 3000 x 19145yl2v3.jpg | https://w.wallhaven.cc/full/5y/wallhaven-5yl2v3.jpg | 成功
2026-06-12 16:25:10 | 3840 x 1581zpozgo.jpg | https://w.wallhaven.cc/full/zp/wallhaven-zpozgo.jpg | 成功
2026-06-12 16:25:13 | 2480 x 3508xe8e5l.jpg | https://w.wallhaven.cc/full/xe/wallhaven-xe8e5l.jpg | 成功
2026-06-12 16:25:18 | 2000 x 2800qrj92q.png | https://w.wallhaven.cc/full/qr/wallhaven-qrj92q.png | 成功
2026-06-12 16:25:22 | 4078 x 2756k8wxzd.jpg | https://w.wallhaven.cc/full/k8/wallhaven-k8wxzd.jpg | 成功
2026-06-12 16:25:24 | 3840 x 2160gwz8rl.jpg | https://w.wallhaven.cc/full/gw/wallhaven-gwz8rl.jpg | 成功
2026-06-12 16:25:26 | 4096 x 20421qxm83.jpg | https://w.wallhaven.cc/full/1q/wallhaven-1qxm83.jpg | 成功
2026-06-12 16:25:30 | 2000 x 2800d85xdl.jpg | https://w.wallhaven.cc/full/d8/wallhaven-d85xdl.jpg | 成功
2026-06-12 16:25:32 | 3840 x 216021dw6m.jpg | https://w.wallhaven.cc/full/21/wallhaven-21dw6m.jpg | 成功
2026-06-12 16:25:34 | 3840 x 2260219279.jpg | https://w.wallhaven.cc/full/21/wallhaven-219279.jpg | 成功
2026-06-12 16:25:38 | 3840 x 2160w58vyq.jpg | https://w.wallhaven.cc/full/w5/wallhaven-w58vyq.jpg | 成功
2026-06-12 16:25:41 | 2500 x 1250xejl1d.jpg | https://w.wallhaven.cc/full/xe/wallhaven-xejl1d.jpg | 成功
2026-06-12 16:25:44 | 1280 x 826d6qqlo.jpg | https://w.wallhaven.cc/full/d6/wallhaven-d6qqlo.jpg | 成功
2026-06-12 16:25:46 | 3840 x 2160ogy6zm.jpg | https://w.wallhaven.cc/full/og/wallhaven-ogy6zm.jpg | 成功
2026-06-12 16:25:48 | 3000 x 1689ly3wdq.jpg | https://w.wallhaven.cc/full/ly/wallhaven-ly3wdq.jpg | 成功
2026-06-12 16:25:51 | 1500 x 1000kxq8e6.jpg | https://w.wallhaven.cc/full/kx/wallhaven-kxq8e6.jpg | 成功
2026-06-12 16:25:54 | 2894 x 4093xeep1l.jpg | https://w.wallhaven.cc/full/xe/wallhaven-xeep1l.jpg | 成功
2026-06-12 16:25:57 | 3840 x 21607j92lo.jpg | https://w.wallhaven.cc/full/7j/wallhaven-7j92lo.jpg | 成功
2026-06-12 16:26:00 | 1600 x 1200p9reve.png | https://w.wallhaven.cc/full/p9/wallhaven-p9reve.png | 成功
2026-06-12 16:26:03 | 1500 x 10009dlo11.jpg | https://w.wallhaven.cc/full/9d/wallhaven-9dlo11.jpg | 成功
2026-06-12 16:26:06 | 3840 x 21607j25qy.jpg | https://w.wallhaven.cc/full/7j/wallhaven-7j25qy.jpg | 成功
2026-06-12 16:26:09 | 3000 x 1500w56ojx.jpg | https://w.wallhaven.cc/full/w5/wallhaven-w56ojx.jpg | 成功
2026-06-12 16:26:12 | 3476 x 1676w5lqxq.jpg | https://w.wallhaven.cc/full/w5/wallhaven-w5lqxq.jpg | 成功
2026-06-12 16:26:15 | 1500 x 2122vpog15.jpg | https://w.wallhaven.cc/full/vp/wallhaven-vpog15.jpg | 成功
2026-06-12 16:26:20 | 5000 x 1800yq8vrx.png | https://w.wallhaven.cc/full/yq/wallhaven-yq8vrx.png | 成功
2026-06-12 16:26:23 | 3840 x 21609omr8k.png | https://w.wallhaven.cc/full/9o/wallhaven-9omr8k.png | 成功
2026-06-12 16:26:24 | 1920 x 10800j6qpn.jpg | https://w.wallhaven.cc/full/0j/wallhaven-0j6qpn.jpg | 成功
2026-06-12 16:26:27 | 1980 x 1400mldjok.jpg | https://w.wallhaven.cc/full/ml/wallhaven-mldjok.jpg | 成功
2026-06-12 16:26:30 | 3709 x 1824l8ex1p.jpg | https://w.wallhaven.cc/full/l8/wallhaven-l8ex1p.jpg | 成功
2026-06-12 16:26:33 | 1578 x 1207w5o5x7.jpg | https://w.wallhaven.cc/full/w5/wallhaven-w5o5x7.jpg | 成功
2026-06-12 16:26:36 | 3511 x 2033yqqlek.jpg | https://w.wallhaven.cc/full/yq/wallhaven-yqqlek.jpg | 成功
2026-06-12 16:26:39 | 3840 x 2160d8gxy3.jpg | https://w.wallhaven.cc/full/d8/wallhaven-d8gxy3.jpg | 成功
2026-06-12 16:26:41 | 3840 x 2160zpywmj.jpg | https://w.wallhaven.cc/full/zp/wallhaven-zpywmj.jpg | 成功
2026-06-12 16:26:45 | 1920 x 1275vp9ez3.jpg | https://w.wallhaven.cc/full/vp/wallhaven-vp9ez3.jpg | 成功
2026-06-12 16:26:48 | 2160 x 3840rq3627.jpg | https://w.wallhaven.cc/full/rq/wallhaven-rq3627.jpg | 成功
2026-06-12 16:26:50 | 2500 x 1406gwjr9d.jpg | https://w.wallhaven.cc/full/gw/wallhaven-gwjr9d.jpg | 成功
2026-06-12 16:26:53 | 4392 x 2472w5ojd6.jpg | https://w.wallhaven.cc/full/w5/wallhaven-w5ojd6.jpg | 成功
2026-06-12 16:26:55 | 1920 x 1080qrllkd.png | https://w.wallhaven.cc/full/qr/wallhaven-qrllkd.png | 成功
2026-06-12 16:26:58 | 1417 x 100221e769.jpg | https://w.wallhaven.cc/full/21/wallhaven-21e769.jpg | 成功
2026-06-12 16:27:01 | 3840 x 2160yx69od.jpg | https://w.wallhaven.cc/full/yx/wallhaven-yx69od.jpg | 成功
2026-06-12 16:27:04 | 2410 x 1362d6mydl.png | https://w.wallhaven.cc/full/d6/wallhaven-d6mydl.png | 成功
2026-06-12 16:27:07 | 2204 x 1278p9vj3j.png | https://w.wallhaven.cc/full/p9/wallhaven-p9vj3j.png | 成功
2026-06-12 16:27:10 | 1920 x 1200yqgeg7.png | https://w.wallhaven.cc/full/yq/wallhaven-yqgeg7.png | 成功
2026-06-12 16:27:13 | 1920 x 10805g2qd1.png | https://w.wallhaven.cc/full/5g/wallhaven-5g2qd1.png | 成功
2026-06-12 16:27:16 | 2000 x 32005ygm78.jpg | https://w.wallhaven.cc/full/5y/wallhaven-5ygm78.jpg | 成功
2026-06-12 16:27:19 | 3200 x 18003q9m1y.jpg | https://w.wallhaven.cc/full/3q/wallhaven-3q9m1y.jpg | 成功
2026-06-12 16:27:22 | 2300 x 1576vpym35.png | https://w.wallhaven.cc/full/vp/wallhaven-vpym35.png | 成功
2026-06-12 16:27:25 | 4708 x 2535pooypm.jpg | https://w.wallhaven.cc/full/po/wallhaven-pooypm.jpg | 成功
2026-06-12 16:27:29 | 3840 x 2160yq7g7g.jpg | https://w.wallhaven.cc/full/yq/wallhaven-yq7g7g.jpg | 成功
2026-06-12 16:27:32 | 3000 x 6000d8e6lm.jpg | https://w.wallhaven.cc/full/d8/wallhaven-d8e6lm.jpg | 成功
2026-06-12 16:27:35 | 1500 x 10021pzqyw.jpg | https://w.wallhaven.cc/full/1p/wallhaven-1pzqyw.jpg | 成功
2026-06-12 16:27:37 | 3500 x 16916ll8m7.jpg | https://w.wallhaven.cc/full/6l/wallhaven-6ll8m7.jpg | 成功
2026-06-12 16:27:40 | 5600 x 31526lqk2l.png | https://w.wallhaven.cc/full/6l/wallhaven-6lqk2l.png | 成功
2026-06-12 16:27:43 | 2900 x 1650je9el5.png | https://w.wallhaven.cc/full/je/wallhaven-je9el5.png | 成功
2026-06-12 16:27:46 | 1600 x 1117xelqrz.jpg | https://w.wallhaven.cc/full/xe/wallhaven-xelqrz.jpg | 成功
2026-06-12 16:27:49 | 2560 x 14406lkq5l.png | https://w.wallhaven.cc/full/6l/wallhaven-6lkq5l.png | 成功
2026-06-12 16:27:52 | 1800 x 1013og19jm.jpg | https://w.wallhaven.cc/full/og/wallhaven-og19jm.jpg | 成功
2026-06-12 16:27:55 | 1190 x 1683ex5m8w.jpg | https://w.wallhaven.cc/full/ex/wallhaven-ex5m8w.jpg | 成功
2026-06-12 16:27:58 | 2500 x 1406gw9ol3.jpg | https://w.wallhaven.cc/full/gw/wallhaven-gw9ol3.jpg | 成功
2026-06-12 16:28:01 | 2560 x 1440gwqlrd.jpg | https://w.wallhaven.cc/full/gw/wallhaven-gwqlrd.jpg | 成功
2026-06-12 16:28:05 | 4700 x 2000qr9d6l.jpg | https://w.wallhaven.cc/full/qr/wallhaven-qr9d6l.jpg | 成功
2026-06-12 16:28:09 | 3507 x 1720mld5v8.png | https://w.wallhaven.cc/full/ml/wallhaven-mld5v8.png | 成功
2026-06-12 16:28:12 | 4078 x 2756k8wxzd.jpg | https://w.wallhaven.cc/full/k8/wallhaven-k8wxzd.jpg | 成功
2026-06-12 16:28:16 | 2204 x 1294gpx9z7.png | https://w.wallhaven.cc/full/gp/wallhaven-gpx9z7.png | 成功
2026-06-12 16:28:18 | 1500 x 2131vq8pv8.jpg | https://w.wallhaven.cc/full/vq/wallhaven-vq8pv8.jpg | 成功
2026-06-12 16:28:22 | 3000 x 4000ly972r.jpg | https://w.wallhaven.cc/full/ly/wallhaven-ly972r.jpg | 成功
2026-06-12 16:28:25 | 2560 x 1616gw8re3.png | https://w.wallhaven.cc/full/gw/wallhaven-gw8re3.png | 成功
2026-06-12 16:28:29 | 2560 x 1440d6q3d3.jpg | https://w.wallhaven.cc/full/d6/wallhaven-d6q3d3.jpg | 成功
2026-06-12 16:28:33 | 2300 x 1294gwqoqd.jpg | https://w.wallhaven.cc/full/gw/wallhaven-gwqoqd.jpg | 成功
2026-06-12 16:28:36 | 3200 x 1800pokd2m.jpg | https://w.wallhaven.cc/full/po/wallhaven-pokd2m.jpg | 成功
2026-06-12 16:28:39 | 1920 x 1080w5o6jp.jpg | https://w.wallhaven.cc/full/w5/wallhaven-w5o6jp.jpg | 成功
2026-06-12 16:28:42 | 4096 x 26929ooe6d.jpg | https://w.wallhaven.cc/full/9o/wallhaven-9ooe6d.jpg | 成功
2026-06-12 16:28:45 | 1500 x 1000p9dlj3.jpg | https://w.wallhaven.cc/full/p9/wallhaven-p9dlj3.jpg | 成功
2026-06-12 16:28:49 | 1920 x 1080mlly98.png | https://w.wallhaven.cc/full/ml/wallhaven-mlly98.png | 成功
2026-06-12 16:28:51 | 1900 x 1353d676mj.jpg | https://w.wallhaven.cc/full/d6/wallhaven-d676mj.jpg | 成功
2026-06-12 16:28:55 | 3714 x 4195qrdw1r.jpg | https://w.wallhaven.cc/full/qr/wallhaven-qrdw1r.jpg | 成功
2026-06-12 16:28:58 | 3443 x 21609oor8k.jpg | https://w.wallhaven.cc/full/9o/wallhaven-9oor8k.jpg | 成功
2026-06-12 16:29:00 | 1601 x 19201qr8w1.jpg | https://w.wallhaven.cc/full/1q/wallhaven-1qr8w1.jpg | 成功
2026-06-12 16:29:04 | 1000 x 14745yry98.jpg | https://w.wallhaven.cc/full/5y/wallhaven-5yry98.jpg | 成功
2026-06-12 16:29:07 | 3200 x 1491lyzwxr.jpg | https://w.wallhaven.cc/full/ly/wallhaven-lyzwxr.jpg | 成功
2026-06-12 16:29:10 | 1080 x 1556xe5p9z.jpg | https://w.wallhaven.cc/full/xe/wallhaven-xe5p9z.jpg | 成功
2026-06-12 16:29:13 | 6000 x 30005ylwe3.jpg | https://w.wallhaven.cc/full/5y/wallhaven-5ylwe3.jpg | 成功
2026-06-12 16:29:16 | 2048 x 1390xe8j23.jpg | https://w.wallhaven.cc/full/xe/wallhaven-xe8j23.jpg | 成功
2026-06-12 16:29:19 | 3840 x 21608562ko.jpg | https://w.wallhaven.cc/full/85/wallhaven-8562ko.jpg | 成功
2026-06-12 16:29:22 | 5075 x 21605geyj1.jpg | https://w.wallhaven.cc/full/5g/wallhaven-5geyj1.jpg | 成功
2026-06-12 16:29:25 | 4096 x 2304vpzqgl.jpg | https://w.wallhaven.cc/full/vp/wallhaven-vpzqgl.jpg | 成功
2026-06-12 16:29:28 | 4096 x 1761xeey8v.jpg | https://w.wallhaven.cc/full/xe/wallhaven-xeey8v.jpg | 成功
2026-06-12 16:29:31 | 1800 x 12002yq91y.jpg | https://w.wallhaven.cc/full/2y/wallhaven-2yq91y.jpg | 成功
2026-06-12 16:29:35 | 3840 x 18977jg753.jpg | https://w.wallhaven.cc/full/7j/wallhaven-7jg753.jpg | 成功
2026-06-12 16:29:38 | 2205 x 1240qr6gx7.png | https://w.wallhaven.cc/full/qr/wallhaven-qr6gx7.png | 成功
2026-06-12 16:29:43 | 5120 x 2880jexg3w.jpg | https://w.wallhaven.cc/full/je/wallhaven-jexg3w.jpg | 成功
2026-06-12 16:29:45 | 4240 x 2400og1ypp.png | https://w.wallhaven.cc/full/og/wallhaven-og1ypp.png | 成功
2026-06-12 16:29:47 | 1531 x 19209o25w8.jpg | https://w.wallhaven.cc/full/9o/wallhaven-9o25w8.jpg | 成功
2026-06-12 16:29:51 | 1605 x 1920yqv3jk.jpg | https://w.wallhaven.cc/full/yq/wallhaven-yqv3jk.jpg | 成功
2026-06-12 16:29:53 | 3840 x 24009o8jrd.jpg | https://w.wallhaven.cc/full/9o/wallhaven-9o8jrd.jpg | 成功
2026-06-12 16:29:56 | 4488 x 252521glo9.jpg | https://w.wallhaven.cc/full/21/wallhaven-21glo9.jpg | 成功
2026-06-12 16:29:59 | 1536 x 2048gpvdo3.jpg | https://w.wallhaven.cc/full/gp/wallhaven-gpvdo3.jpg | 成功
2026-06-12 16:30:01 | 1755 x 987lymlgr.jpg | https://w.wallhaven.cc/full/ly/wallhaven-lymlgr.jpg | 成功
2026-06-12 16:30:04 | 2560 x 14406d3yxq.png | https://w.wallhaven.cc/full/6d/wallhaven-6d3yxq.png | 成功
2026-06-12 16:30:06 | 1069 x 190021y13m.jpg | https://w.wallhaven.cc/full/21/wallhaven-21y13m.jpg | 成功
2026-06-12 16:30:09 | 4000 x 1919xe56jz.jpg | https://w.wallhaven.cc/full/xe/wallhaven-xe56jz.jpg | 成功
2026-06-12 16:30:11 | 1300 x 1060d8g1v3.jpg | https://w.wallhaven.cc/full/d8/wallhaven-d8g1v3.jpg | 成功
2026-06-12 16:30:14 | 6401 x 3618yqxqv7.jpg | https://w.wallhaven.cc/full/yq/wallhaven-yqxqv7.jpg | 成功
2026-06-12 16:30:17 | 1920 x 1080d8w15g.png | https://w.wallhaven.cc/full/d8/wallhaven-d8w15g.png | 成功
2026-06-12 16:30:19 | 1920 x 10803lpqo3.jpg | https://w.wallhaven.cc/full/3l/wallhaven-3lpqo3.jpg | 成功
2026-06-12 16:30:21 | 3840 x 21609o517d.jpg | https://w.wallhaven.cc/full/9o/wallhaven-9o517d.jpg | 成功
2026-06-12 16:30:23 | 8679 x 2711zpgp1g.jpg | https://w.wallhaven.cc/full/zp/wallhaven-zpgp1g.jpg | 成功
2026-06-12 16:30:29 | 3840 x 2160qr3der.png | https://w.wallhaven.cc/full/qr/wallhaven-qr3der.png | 成功
2026-06-12 16:30:31 | 1679 x 1200we7l5q.jpg | https://w.wallhaven.cc/full/we/wallhaven-we7l5q.jpg | 成功
2026-06-12 16:30:34 | 3800 x 2080o5omgl.png | https://w.wallhaven.cc/full/o5/wallhaven-o5omgl.png | 成功
2026-06-12 16:30:38 | 3840 x 2160og1kwp.png | https://w.wallhaven.cc/full/og/wallhaven-og1kwp.png | 成功
2026-06-12 16:30:40 | 2074 x 1166rqowl7.jpg | https://w.wallhaven.cc/full/rq/wallhaven-rqowl7.jpg | 成功
2026-06-12 16:30:43 | 3840 x 2160powrge.png | https://w.wallhaven.cc/full/po/wallhaven-powrge.png | 成功
2026-06-12 16:30:46 | 1799 x 1200d67e8g.jpg | https://w.wallhaven.cc/full/d6/wallhaven-d67e8g.jpg | 成功
2026-06-12 16:30:49 | 2508 x 3541w5lpd6.jpg | https://w.wallhaven.cc/full/w5/wallhaven-w5lpd6.jpg | 成功
2026-06-12 16:30:52 | 905 x 1718poklvm.png | https://w.wallhaven.cc/full/po/wallhaven-poklvm.png | 成功
2026-06-12 16:30:54 | 2000 x 3000og5gg9.jpg | https://w.wallhaven.cc/full/og/wallhaven-og5gg9.jpg | 成功
2026-06-12 16:30:57 | 2048 x 1152ml2y21.jpg | https://w.wallhaven.cc/full/ml/wallhaven-ml2y21.jpg | 成功
2026-06-12 16:31:00 | 1920 x 1080o5mwx5.jpg | https://w.wallhaven.cc/full/o5/wallhaven-o5mwx5.jpg | 成功
2026-06-12 16:31:04 | 2500 x 1767oggmq5.jpg | https://w.wallhaven.cc/full/og/wallhaven-oggmq5.jpg | 成功
2026-06-12 16:31:07 | 2000 x 13334g5qye.jpg | https://w.wallhaven.cc/full/4g/wallhaven-4g5qye.jpg | 成功
2026-06-12 16:31:10 | 2560 x 10805goxp7.jpg | https://w.wallhaven.cc/full/5g/wallhaven-5goxp7.jpg | 成功
2026-06-12 16:31:12 | 3840 x 2160vpm2j8.jpg | https://w.wallhaven.cc/full/vp/wallhaven-vpm2j8.jpg | 成功
2026-06-12 16:31:14 | 1920 x 1080vpo3m5.jpg | https://w.wallhaven.cc/full/vp/wallhaven-vpo3m5.jpg | 成功
2026-06-12 16:31:17 | 4096 x 25388gkzoy.jpg | https://w.wallhaven.cc/full/8g/wallhaven-8gkzoy.jpg | 成功
2026-06-12 16:31:19 | 3556 x 2000vpo5x3.jpg | https://w.wallhaven.cc/full/vp/wallhaven-vpo5x3.jpg | 成功
2026-06-12 16:31:21 | 2500 x 1407e8e3z8.jpg | https://w.wallhaven.cc/full/e8/wallhaven-e8e3z8.jpg | 成功
2026-06-12 16:31:24 | 3000 x 1688vp9mem.jpg | https://w.wallhaven.cc/full/vp/wallhaven-vp9mem.jpg | 成功
2026-06-12 16:31:28 | 2082 x 1170ml2pzm.jpg | https://w.wallhaven.cc/full/ml/wallhaven-ml2pzm.jpg | 成功
2026-06-12 16:31:30 | 4000 x 2250ly9zjl.jpg | https://w.wallhaven.cc/full/ly/wallhaven-ly9zjl.jpg | 成功
2026-06-12 16:31:32 | 2480 x 35087jg5ov.jpg | https://w.wallhaven.cc/full/7j/wallhaven-7jg5ov.jpg | 成功
2026-06-12 16:31:35 | 3490 x 4488zppqdv.jpg | https://w.wallhaven.cc/full/zp/wallhaven-zppqdv.jpg | 成功
2026-06-12 16:31:38 | 2408 x 13509d7pg1.png | https://w.wallhaven.cc/full/9d/wallhaven-9d7pg1.png | 成功
2026-06-12 16:31:41 | 2500 x 256021kdjm.jpg | https://w.wallhaven.cc/full/21/wallhaven-21kdjm.jpg | 成功
2026-06-12 16:31:43 | 2400 x 1350je5r8y.png | https://w.wallhaven.cc/full/je/wallhaven-je5r8y.png | 成功
2026-06-12 16:31:46 | 1300 x 822lyz3el.jpg | https://w.wallhaven.cc/full/ly/wallhaven-lyz3el.jpg | 成功
2026-06-12 16:31:49 | 3840 x 2160m3xdg1.jpg | https://w.wallhaven.cc/full/m3/wallhaven-m3xdg1.jpg | 成功
2026-06-12 16:31:52 | 2560 x 1440yqmwyx.png | https://w.wallhaven.cc/full/yq/wallhaven-yqmwyx.png | 成功
2026-06-12 16:31:54 | 3840 x 21603qqvk9.jpg | https://w.wallhaven.cc/full/3q/wallhaven-3qqvk9.jpg | 成功
2026-06-12 16:31:57 | 1500 x 1125exm8gw.jpg | https://w.wallhaven.cc/full/ex/wallhaven-exm8gw.jpg | 成功
2026-06-12 16:31:59 | 3840 x 2160vpz2kp.jpg | https://w.wallhaven.cc/full/vp/wallhaven-vpz2kp.jpg | 成功
2026-06-12 16:32:02 | 1920 x 1080w5mz8q.png | https://w.wallhaven.cc/full/w5/wallhaven-w5mz8q.png | 成功
2026-06-12 16:32:04 | 1920 x 1080xezdez.png | https://w.wallhaven.cc/full/xe/wallhaven-xezdez.png | 成功
2026-06-12 16:32:07 | 1920 x 1080o5r9ml.jpg | https://w.wallhaven.cc/full/o5/wallhaven-o5r9ml.jpg | 成功
2026-06-12 16:32:10 | 1799 x 12003l15q3.jpg | https://w.wallhaven.cc/full/3l/wallhaven-3l15q3.jpg | 成功
2026-06-12 16:32:12 | 1920 x 1218qzyrq5.jpg | https://w.wallhaven.cc/full/qz/wallhaven-qzyrq5.jpg | 成功
2026-06-12 16:32:15 | 2048 x 1010qzwme5.jpg | https://w.wallhaven.cc/full/qz/wallhaven-qzwme5.jpg | 成功
2026-06-12 16:32:18 | 7120 x 3200oggqym.png | https://w.wallhaven.cc/full/og/wallhaven-oggqym.png | 成功
2026-06-12 16:32:20 | 5000 x 21436lqxjl.jpg | https://w.wallhaven.cc/full/6l/wallhaven-6lqxjl.jpg | 成功
2026-06-12 16:32:22 | 1600 x 1067kxqkxm.jpg | https://w.wallhaven.cc/full/kx/wallhaven-kxqkxm.jpg | 成功
2026-06-12 16:32:26 | 6400 x 3600mlqek9.png | https://w.wallhaven.cc/full/ml/wallhaven-mlqek9.png | 成功
2026-06-12 16:32:29 | 1766 x 12009dl8ox.jpg | https://w.wallhaven.cc/full/9d/wallhaven-9dl8ox.jpg | 成功
2026-06-12 16:32:31 | 3840 x 16788gde7k.jpg | https://w.wallhaven.cc/full/8g/wallhaven-8gde7k.jpg | 成功
2026-06-12 16:32:33 | 2763 x 1554ex5ozk.png | https://w.wallhaven.cc/full/ex/wallhaven-ex5ozk.png | 成功
2026-06-12 16:32:35 | 1500 x 1002yxp5ek.jpg | https://w.wallhaven.cc/full/yx/wallhaven-yxp5ek.jpg | 成功
2026-06-12 16:32:38 | 3253 x 16065g8wq1.png | https://w.wallhaven.cc/full/5g/wallhaven-5g8wq1.png | 成功
2026-06-12 16:32:41 | 2205 x 12406ll6l6.png | https://w.wallhaven.cc/full/6l/wallhaven-6ll6l6.png | 成功
2026-06-12 16:32:43 | 3840 x 2160po99ee.jpg | https://w.wallhaven.cc/full/po/wallhaven-po99ee.jpg | 成功
2026-06-12 16:32:47 | 3034 x 4044zppgrg.jpg | https://w.wallhaven.cc/full/zp/wallhaven-zppgrg.jpg | 成功
2026-06-12 16:32:49 | 2080 x 12546dg2jl.png | https://w.wallhaven.cc/full/6d/wallhaven-6dg2jl.png | 成功
2026-06-12 16:32:52 | 1920 x 1080k83ll1.jpg | https://w.wallhaven.cc/full/k8/wallhaven-k83ll1.jpg | 成功
2026-06-12 16:32:54 | 3457 x 1800xe6epd.jpg | https://w.wallhaven.cc/full/xe/wallhaven-xe6epd.jpg | 成功
2026-06-12 16:32:57 | 3000 x 1688rqd77w.jpg | https://w.wallhaven.cc/full/rq/wallhaven-rqd77w.jpg | 成功
2026-06-12 16:32:59 | 4000 x 2671yq752d.jpg | https://w.wallhaven.cc/full/yq/wallhaven-yq752d.jpg | 成功
2026-06-12 16:33:02 | 2000 x 2800zpzg8j.png | https://w.wallhaven.cc/full/zp/wallhaven-zpzg8j.png | 成功
2026-06-12 16:33:05 | 1920 x 1200vpyoo8.png | https://w.wallhaven.cc/full/vp/wallhaven-vpyoo8.png | 成功
2026-06-12 16:33:08 | 6000 x 3000yq8jgx.jpg | https://w.wallhaven.cc/full/yq/wallhaven-yq8jgx.jpg | 成功
2026-06-12 16:33:11 | 1920 x 1200jek1k5.png | https://w.wallhaven.cc/full/je/wallhaven-jek1k5.png | 成功
2026-06-12 16:33:14 | 3368 x 2574xeewg3.jpg | https://w.wallhaven.cc/full/xe/wallhaven-xeewg3.jpg | 成功
2026-06-12 16:33:18 | 2560 x 14409o6py8.png | https://w.wallhaven.cc/full/9o/wallhaven-9o6py8.png | 成功
2026-06-12 16:33:21 | 2148 x 12965gj511.png | https://w.wallhaven.cc/full/5g/wallhaven-5gj511.png | 成功
2026-06-12 16:33:24 | 3840 x 21609o6yzd.jpg | https://w.wallhaven.cc/full/9o/wallhaven-9o6yzd.jpg | 成功
2026-06-12 16:33:27 | 2560 x 14405yzyw9.jpg | https://w.wallhaven.cc/full/5y/wallhaven-5yzyw9.jpg | 成功
2026-06-12 16:33:31 | 5760 x 3240p9659p.jpg | https://w.wallhaven.cc/full/p9/wallhaven-p9659p.jpg | 成功
2026-06-12 16:33:34 | 1413 x 1920gwqyk3.jpg | https://w.wallhaven.cc/full/gw/wallhaven-gwqyk3.jpg | 成功
2026-06-12 16:33:38 | 3840 x 2160k8z6rd.jpg | https://w.wallhaven.cc/full/k8/wallhaven-k8z6rd.jpg | 成功
2026-06-12 16:33:40 | 2048 x 1685d8g123.jpg | https://w.wallhaven.cc/full/d8/wallhaven-d8g123.jpg | 成功
2026-06-12 16:33:43 | 1920 x 1080je91pw.jpg | https://w.wallhaven.cc/full/je/wallhaven-je91pw.jpg | 成功
2026-06-12 16:33:46 | 3840 x 2160jxpd7m.jpg | https://w.wallhaven.cc/full/jx/wallhaven-jxpd7m.jpg | 成功
2026-06-12 16:33:49 | 1920 x 12005yk551.png | https://w.wallhaven.cc/full/5y/wallhaven-5yk551.png | 成功
2026-06-12 16:33:52 | 1300 x 919mlz3q9.jpg | https://w.wallhaven.cc/full/ml/wallhaven-mlz3q9.jpg | 成功
2026-06-12 16:33:54 | 1500 x 1171zyep6v.jpg | https://w.wallhaven.cc/full/zy/wallhaven-zyep6v.jpg | 成功
2026-06-12 16:33:57 | 1920 x 1080qrjmrl.png | https://w.wallhaven.cc/full/qr/wallhaven-qrjmrl.png | 成功
2026-06-12 16:34:00 | 6000 x 3375d61yjo.jpg | https://w.wallhaven.cc/full/d6/wallhaven-d61yjo.jpg | 成功
2026-06-12 16:34:03 | 3000 x 1688d8p55m.jpg | https://w.wallhaven.cc/full/d8/wallhaven-d8p55m.jpg | 成功
2026-06-12 16:34:05 | 4096 x 2048ogl9l7.jpg | https://w.wallhaven.cc/full/og/wallhaven-ogl9l7.jpg | 成功
2026-06-12 16:34:10 | 3050 x 22985y5881.jpg | https://w.wallhaven.cc/full/5y/wallhaven-5y5881.jpg | 成功
2026-06-12 16:34:13 | 6000 x 3373mlqd7k.jpg | https://w.wallhaven.cc/full/ml/wallhaven-mlqd7k.jpg | 成功
2026-06-12 16:34:16 | 1920 x 1037qzyrxq.jpg | https://w.wallhaven.cc/full/qz/wallhaven-qzyrxq.jpg | 成功
2026-06-12 16:34:20 | 2000 x 28001q18kv.png | https://w.wallhaven.cc/full/1q/wallhaven-1q18kv.png | 成功
2026-06-12 16:34:23 | 2560 x 1440og1eo7.jpg | https://w.wallhaven.cc/full/og/wallhaven-og1eo7.jpg | 成功
2026-06-12 16:34:26 | 1920 x 11527j2dky.jpg | https://w.wallhaven.cc/full/7j/wallhaven-7j2dky.jpg | 成功
2026-06-12 16:34:30 | 1500 x 1171zyep6v.jpg | https://w.wallhaven.cc/full/zy/wallhaven-zyep6v.jpg | 成功
2026-06-12 16:34:33 | 1920 x 1080qrjmrl.png | https://w.wallhaven.cc/full/qr/wallhaven-qrjmrl.png | 成功
2026-06-12 16:34:36 | 6000 x 3375d61yjo.jpg | https://w.wallhaven.cc/full/d6/wallhaven-d61yjo.jpg | 成功
